Jul 10, 2019 7:15:18 PM org.apache.catalina.startup.VersionLoggerListener log
INFO: Server version:        Apache Tomcat/7.0.92
Jul 10, 2019 7:15:18 PM org.apache.catalina.startup.VersionLoggerListener log
INFO: Server built:          Nov 9 2018 11:07:44 UTC
Jul 10, 2019 7:15:18 PM org.apache.catalina.startup.VersionLoggerListener log
INFO: Server number:         7.0.92.0
Jul 10, 2019 7:15:18 PM org.apache.catalina.startup.VersionLoggerListener log
INFO: OS Name:               Windows 10
Jul 10, 2019 7:15:18 PM org.apache.catalina.startup.VersionLoggerListener log
INFO: OS Version:            10.0
Jul 10, 2019 7:15:18 PM org.apache.catalina.startup.VersionLoggerListener log
INFO: Architecture:          amd64
Jul 10, 2019 7:15:18 PM org.apache.catalina.startup.VersionLoggerListener log
INFO: Java Home:             C:\Program Files\Java\jre1.8.0_212
Jul 10, 2019 7:15:18 PM org.apache.catalina.startup.VersionLoggerListener log
INFO: JVM Version:           1.8.0_212-b10
Jul 10, 2019 7:15:18 PM org.apache.catalina.startup.VersionLoggerListener log
INFO: JVM Vendor:            Oracle Corporation
Jul 10, 2019 7:15:18 PM org.apache.catalina.startup.VersionLoggerListener log
INFO: CATALINA_BASE:         C:\xampp\tomcat
Jul 10, 2019 7:15:18 PM org.apache.catalina.startup.VersionLoggerListener log
INFO: CATALINA_HOME:         C:\xampp\tomcat
Jul 10, 2019 7:15:18 PM org.apache.catalina.startup.VersionLoggerListener log
INFO: Command line argument: -Djava.util.logging.config.file=C:\xampp\tomcat\conf\logging.properties
Jul 10, 2019 7:15:18 PM org.apache.catalina.startup.VersionLoggerListener log
INFO: Command line argument: -Djava.util.logging.manager=org.apache.juli.ClassLoaderLogManager
Jul 10, 2019 7:15:18 PM org.apache.catalina.startup.VersionLoggerListener log
INFO: Command line argument: -Djdk.tls.ephemeralDHKeySize=2048
Jul 10, 2019 7:15:18 PM org.apache.catalina.startup.VersionLoggerListener log
INFO: Command line argument: -Dignore.endorsed.dirs=
Jul 10, 2019 7:15:18 PM org.apache.catalina.startup.VersionLoggerListener log
INFO: Command line argument: -Dcatalina.base=C:\xampp\tomcat
Jul 10, 2019 7:15:18 PM org.apache.catalina.startup.VersionLoggerListener log
INFO: Command line argument: -Dcatalina.home=C:\xampp\tomcat
Jul 10, 2019 7:15:18 PM org.apache.catalina.startup.VersionLoggerListener log
INFO: Command line argument: -Djava.io.tmpdir=C:\xampp\tomcat\temp
Jul 10, 2019 7:15:18 PM org.apache.catalina.core.AprLifecycleListener lifecycleEvent
INFO: The APR based Apache Tomcat Native library which allows optimal performance in production environments was not found on the java.library.path: C:\Program Files\Java\jre1.8.0_212\bin;C:\Windows\Sun\Java\bin;C:\Windows\system32;C:\Windows;C:\Program Files (x86)\Common Files\Intel\Shared Files\cpp\bin\Intel64;C:\Program Files (x86)\Common Files\Oracle\Java\javapath;C:\Program Files (x86)\Intel\iCLS Client\;C:\Program Files\Intel\iCLS Client\;C:\Windows\system32;C:\Windows;C:\Windows\System32\Wbem;C:\Windows\System32\WindowsPowerShell\v1.0\;C:\Windows\System32\OpenSSH\;C:\Program Files (x86)\Intel\Intel(R) Management Engine Components\DAL;C:\Program Files\Intel\Intel(R) Management Engine Components\DAL;C:\Program Files (x86)\Intel\Intel(R) Management Engine Components\IPT;C:\Program Files\Intel\Intel(R) Management Engine Components\IPT;C:\Program Files (x86)\NVIDIA Corporation\PhysX\Common;C:\Program Files\NVIDIA Corporation\NVIDIA NvDLISR;C:\Program Files\dotnet\;C:\Program Files (x86)\dotnet\;C:\Program Files\Microsoft SQL Server\130\Tools\Binn\;C:\Users\Freedoms\AppData\Local\Microsoft\WindowsApps;C:\Users\Freedoms\AppData\Local\Programs\Microsoft VS Code\bin;.
Jul 10, 2019 7:15:23 PM org.apache.coyote.AbstractProtocol init
INFO: Initializing ProtocolHandler ["http-bio-8080"]
Jul 10, 2019 7:15:23 PM org.apache.coyote.AbstractProtocol init
INFO: Initializing ProtocolHandler ["ajp-bio-8009"]
Jul 10, 2019 7:15:23 PM org.apache.catalina.startup.Catalina load
INFO: Initialization processed in 7324 ms
Jul 10, 2019 7:15:23 PM org.apache.catalina.core.StandardService startInternal
INFO: Starting service Catalina
Jul 10, 2019 7:15:23 PM org.apache.catalina.core.StandardEngine startInternal
INFO: Starting Servlet Engine: Apache Tomcat/7.0.92
Jul 10, 2019 7:15:23 PM org.apache.catalina.startup.HostConfig deployDirectory
INFO: Deploying web application directory C:\xampp\tomcat\webapps\docs
Jul 10, 2019 7:15:27 PM org.apache.catalina.util.SessionIdGeneratorBase createSecureRandom
WARNING: Creation of SecureRandom instance for session ID generation using [SHA1PRNG] took [365] milliseconds.
Jul 10, 2019 7:15:27 PM org.apache.catalina.startup.HostConfig deployDirectory
INFO: Deployment of web application directory C:\xampp\tomcat\webapps\docs has finished in 3,486 ms
Jul 10, 2019 7:15:27 PM org.apache.catalina.startup.HostConfig deployDirectory
INFO: Deploying web application directory C:\xampp\tomcat\webapps\examples
Jul 10, 2019 7:15:30 PM org.apache.catalina.startup.HostConfig deployDirectory
INFO: Deployment of web application directory C:\xampp\tomcat\webapps\examples has finished in 3,123 ms
Jul 10, 2019 7:15:30 PM org.apache.catalina.startup.HostConfig deployDirectory
INFO: Deploying web application directory C:\xampp\tomcat\webapps\host-manager
Jul 10, 2019 7:15:30 PM org.apache.catalina.startup.HostConfig deployDirectory
INFO: Deployment of web application directory C:\xampp\tomcat\webapps\host-manager has finished in 125 ms
Jul 10, 2019 7:15:30 PM org.apache.catalina.startup.HostConfig deployDirectory
INFO: Deploying web application directory C:\xampp\tomcat\webapps\manager
Jul 10, 2019 7:15:30 PM org.apache.catalina.startup.HostConfig deployDirectory
INFO: Deployment of web application directory C:\xampp\tomcat\webapps\manager has finished in 117 ms
Jul 10, 2019 7:15:30 PM org.apache.catalina.startup.HostConfig deployDirectory
INFO: Deploying web application directory C:\xampp\tomcat\webapps\ROOT
Jul 10, 2019 7:15:30 PM org.apache.catalina.startup.HostConfig deployDirectory
INFO: Deployment of web application directory C:\xampp\tomcat\webapps\ROOT has finished in 99 ms
Jul 10, 2019 7:15:30 PM org.apache.coyote.AbstractProtocol start
INFO: Starting ProtocolHandler ["http-bio-8080"]
Jul 10, 2019 7:15:30 PM org.apache.coyote.AbstractProtocol start
INFO: Starting ProtocolHandler ["ajp-bio-8009"]
Jul 10, 2019 7:15:30 PM org.apache.catalina.startup.Catalina start
INFO: Server startup in 7232 ms
