[Thu Jul 04 17:25:06.143763 2019] [ssl:warn] [pid 12500:tid 588] AH01909: www.example.com:443:0 server certificate does NOT include an ID which matches the server name
[Thu Jul 04 17:25:06.408056 2019] [ssl:warn] [pid 12500:tid 588] AH01909: www.example.com:443:0 server certificate does NOT include an ID which matches the server name
[Thu Jul 04 17:25:07.126137 2019] [mpm_winnt:notice] [pid 12500:tid 588] AH00455: Apache/2.4.39 (Win64) OpenSSL/1.0.2s PHP/7.1.30 configured -- resuming normal operations
[Thu Jul 04 17:25:07.126137 2019] [mpm_winnt:notice] [pid 12500:tid 588] AH00456: Apache Lounge VC14 Server built: May 29 2019 14:38:49
[Thu Jul 04 17:25:07.126137 2019] [core:notice] [pid 12500:tid 588] AH00094: Command line: 'C:\\xampp\\apache\\bin\\httpd.exe -d C:/xampp/apache'
[Thu Jul 04 17:25:07.179990 2019] [mpm_winnt:notice] [pid 12500:tid 588] AH00418: Parent: Created child process 12608
[Thu Jul 04 17:25:07.929987 2019] [ssl:warn] [pid 12608:tid 556] AH01909: www.example.com:443:0 server certificate does NOT include an ID which matches the server name
[Thu Jul 04 17:25:08.132445 2019] [ssl:warn] [pid 12608:tid 556] AH01909: www.example.com:443:0 server certificate does NOT include an ID which matches the server name
[Thu Jul 04 17:25:08.337896 2019] [mpm_winnt:notice] [pid 12608:tid 556] AH00354: Child: Starting 150 worker threads.
[Thu Jul 04 17:32:49.810446 2019] [ssl:warn] [pid 12248:tid 316] AH01909: www.example.com:443:0 server certificate does NOT include an ID which matches the server name
[Thu Jul 04 17:32:50.038835 2019] [ssl:warn] [pid 12248:tid 316] AH01909: www.example.com:443:0 server certificate does NOT include an ID which matches the server name
[Thu Jul 04 17:32:50.068755 2019] [mpm_winnt:notice] [pid 12248:tid 316] AH00455: Apache/2.4.39 (Win64) OpenSSL/1.0.2s PHP/7.1.30 configured -- resuming normal operations
[Thu Jul 04 17:32:50.068755 2019] [mpm_winnt:notice] [pid 12248:tid 316] AH00456: Apache Lounge VC14 Server built: May 29 2019 14:38:49
[Thu Jul 04 17:32:50.068755 2019] [core:notice] [pid 12248:tid 316] AH00094: Command line: 'c:\\xampp\\apache\\bin\\httpd.exe -d C:/xampp/apache'
[Thu Jul 04 17:32:50.203583 2019] [mpm_winnt:notice] [pid 12248:tid 316] AH00418: Parent: Created child process 7908
[Thu Jul 04 17:32:50.988508 2019] [ssl:warn] [pid 7908:tid 564] AH01909: www.example.com:443:0 server certificate does NOT include an ID which matches the server name
[Thu Jul 04 17:32:51.192206 2019] [ssl:warn] [pid 7908:tid 564] AH01909: www.example.com:443:0 server certificate does NOT include an ID which matches the server name
[Thu Jul 04 17:32:51.224053 2019] [mpm_winnt:notice] [pid 7908:tid 564] AH00354: Child: Starting 150 worker threads.
[Thu Jul 04 19:14:37.174765 2019] [php7:error] [pid 7908:tid 1900] [client ::1:52094] script 'C:/xampp/htdocs/rapor_sekolah/proses.php' not found or unable to stat, referer: http://localhost/rapor_sekolah/login.php
[Thu Jul 04 19:14:45.944319 2019] [php7:error] [pid 7908:tid 1900] [client ::1:52097] script 'C:/xampp/htdocs/rapor_sekolah/proses.php' not found or unable to stat, referer: http://localhost/rapor_sekolah/login.php
[Thu Jul 04 19:19:36.397463 2019] [php7:error] [pid 7908:tid 1900] [client ::1:52133] PHP Fatal error:  Uncaught Error: Call to undefined function mysql_connect() in C:\\xampp\\htdocs\\rapor_sekolah\\koneksi.php:6\nStack trace:\n#0 {main}\n  thrown in C:\\xampp\\htdocs\\rapor_sekolah\\koneksi.php on line 6
[Thu Jul 04 19:40:30.332002 2019] [php7:error] [pid 7908:tid 1892] [client ::1:52317] PHP Fatal error:  Uncaught Error: Call to undefined function mysql_connect() in C:\\xampp\\htdocs\\rapor_sekolah\\koneksi.php:6\nStack trace:\n#0 C:\\xampp\\htdocs\\rapor_sekolah\\proses.php(2): include()\n#1 {main}\n  thrown in C:\\xampp\\htdocs\\rapor_sekolah\\koneksi.php on line 6, referer: http://localhost/rapor_sekolah/login.php
[Thu Jul 04 19:40:40.812757 2019] [php7:error] [pid 7908:tid 1892] [client ::1:52321] PHP Fatal error:  Uncaught Error: Call to undefined function mysql_connect() in C:\\xampp\\htdocs\\rapor_sekolah\\koneksi.php:6\nStack trace:\n#0 C:\\xampp\\htdocs\\rapor_sekolah\\proses.php(2): include()\n#1 {main}\n  thrown in C:\\xampp\\htdocs\\rapor_sekolah\\koneksi.php on line 6, referer: http://localhost/rapor_sekolah/login.php
[Thu Jul 04 19:51:45.812879 2019] [php7:error] [pid 7908:tid 1892] [client ::1:52408] PHP Fatal error:  Uncaught Error: Call to undefined function mysql_connect() in C:\\xampp\\htdocs\\rapor_sekolah\\koneksi.php:6\nStack trace:\n#0 C:\\xampp\\htdocs\\rapor_sekolah\\proses.php(5): include()\n#1 {main}\n  thrown in C:\\xampp\\htdocs\\rapor_sekolah\\koneksi.php on line 6, referer: http://localhost/rapor_sekolah/login.php
[Thu Jul 04 19:57:16.600573 2019] [php7:error] [pid 7908:tid 1904] [client ::1:52461] PHP Fatal error:  Uncaught Error: Call to undefined function mysql_connect() in C:\\xampp\\htdocs\\rapor_sekolah\\koneksi.php:6\nStack trace:\n#0 C:\\xampp\\htdocs\\rapor_sekolah\\proses.php(5): include()\n#1 {main}\n  thrown in C:\\xampp\\htdocs\\rapor_sekolah\\koneksi.php on line 6, referer: http://localhost/rapor_sekolah/login.php
[Thu Jul 04 20:00:18.723484 2019] [php7:error] [pid 7908:tid 1904] [client ::1:52488] PHP Fatal error:  Uncaught Error: Call to undefined function mysql_connect() in C:\\xampp\\htdocs\\rapor_sekolah\\koneksi.php:6\nStack trace:\n#0 C:\\xampp\\htdocs\\rapor_sekolah\\proses.php(5): include()\n#1 {main}\n  thrown in C:\\xampp\\htdocs\\rapor_sekolah\\koneksi.php on line 6, referer: http://localhost/rapor_sekolah/login.php
[Thu Jul 04 20:00:35.378002 2019] [php7:error] [pid 7908:tid 1904] [client ::1:52490] PHP Fatal error:  Uncaught Error: Call to undefined function mysql_connect() in C:\\xampp\\htdocs\\rapor_sekolah\\koneksi.php:6\nStack trace:\n#0 C:\\xampp\\htdocs\\rapor_sekolah\\proses.php(5): include()\n#1 {main}\n  thrown in C:\\xampp\\htdocs\\rapor_sekolah\\koneksi.php on line 6, referer: http://localhost/rapor_sekolah/login.php
[Thu Jul 04 20:00:37.553353 2019] [php7:error] [pid 7908:tid 1904] [client ::1:52490] PHP Fatal error:  Uncaught Error: Call to undefined function mysql_connect() in C:\\xampp\\htdocs\\rapor_sekolah\\koneksi.php:6\nStack trace:\n#0 C:\\xampp\\htdocs\\rapor_sekolah\\proses.php(5): include()\n#1 {main}\n  thrown in C:\\xampp\\htdocs\\rapor_sekolah\\koneksi.php on line 6, referer: http://localhost/rapor_sekolah/login.php
[Thu Jul 04 20:00:48.890854 2019] [php7:error] [pid 7908:tid 1904] [client ::1:52493] PHP Fatal error:  Uncaught Error: Call to undefined function mysql_connect() in C:\\xampp\\htdocs\\rapor_sekolah\\koneksi.php:6\nStack trace:\n#0 C:\\xampp\\htdocs\\rapor_sekolah\\proses.php(5): include()\n#1 {main}\n  thrown in C:\\xampp\\htdocs\\rapor_sekolah\\koneksi.php on line 6, referer: http://localhost/rapor_sekolah/login.php
[Thu Jul 04 20:03:16.156136 2019] [php7:error] [pid 7908:tid 1904] [client ::1:52518] PHP Fatal error:  Uncaught Error: Call to undefined function mysql_connect() in C:\\xampp\\htdocs\\rapor_sekolah\\koneksi.php:6\nStack trace:\n#0 C:\\xampp\\htdocs\\rapor_sekolah\\proses.php(5): include()\n#1 {main}\n  thrown in C:\\xampp\\htdocs\\rapor_sekolah\\koneksi.php on line 6, referer: http://localhost/rapor_sekolah/login.php
[Thu Jul 04 20:05:33.601110 2019] [php7:warn] [pid 7908:tid 1900] [client ::1:52536] PHP Warning:  mysqli_connect(): (HY000/1045): Access denied for user 'roo'@'localhost' (using password: NO) in C:\\xampp\\htdocs\\rapor_sekolah\\koneksi.php on line 2, referer: http://localhost/rapor_sekolah/login.php
[Thu Jul 04 20:05:33.602106 2019] [php7:error] [pid 7908:tid 1900] [client ::1:52536] PHP Fatal error:  Uncaught Error: Call to undefined function mysql_query() in C:\\xampp\\htdocs\\rapor_sekolah\\proses.php:10\nStack trace:\n#0 {main}\n  thrown in C:\\xampp\\htdocs\\rapor_sekolah\\proses.php on line 10, referer: http://localhost/rapor_sekolah/login.php
[Thu Jul 04 20:06:00.745248 2019] [php7:warn] [pid 7908:tid 1900] [client ::1:52541] PHP Warning:  mysqli_connect(): (HY000/1045): Access denied for user 'roo'@'localhost' (using password: NO) in C:\\xampp\\htdocs\\rapor_sekolah\\koneksi.php on line 2, referer: http://localhost/rapor_sekolah/login.php
[Thu Jul 04 20:06:00.745248 2019] [php7:error] [pid 7908:tid 1900] [client ::1:52541] PHP Fatal error:  Uncaught Error: Call to undefined function mysql_query() in C:\\xampp\\htdocs\\rapor_sekolah\\proses.php:10\nStack trace:\n#0 {main}\n  thrown in C:\\xampp\\htdocs\\rapor_sekolah\\proses.php on line 10, referer: http://localhost/rapor_sekolah/login.php
[Thu Jul 04 20:06:03.125773 2019] [php7:warn] [pid 7908:tid 1900] [client ::1:52541] PHP Warning:  mysqli_connect(): (HY000/1045): Access denied for user 'roo'@'localhost' (using password: NO) in C:\\xampp\\htdocs\\rapor_sekolah\\koneksi.php on line 2, referer: http://localhost/rapor_sekolah/login.php
[Thu Jul 04 20:06:03.126773 2019] [php7:error] [pid 7908:tid 1900] [client ::1:52541] PHP Fatal error:  Uncaught Error: Call to undefined function mysql_query() in C:\\xampp\\htdocs\\rapor_sekolah\\proses.php:10\nStack trace:\n#0 {main}\n  thrown in C:\\xampp\\htdocs\\rapor_sekolah\\proses.php on line 10, referer: http://localhost/rapor_sekolah/login.php
[Thu Jul 04 20:06:59.540991 2019] [php7:warn] [pid 7908:tid 1900] [client ::1:52550] PHP Warning:  mysqli_connect(): (HY000/1045): Access denied for user 'roo'@'localhost' (using password: NO) in C:\\xampp\\htdocs\\rapor_sekolah\\koneksi.php on line 2, referer: http://localhost/rapor_sekolah/login.php
[Thu Jul 04 20:06:59.541990 2019] [php7:error] [pid 7908:tid 1900] [client ::1:52550] PHP Fatal error:  Uncaught Error: Call to undefined function mysql_query() in C:\\xampp\\htdocs\\rapor_sekolah\\proses.php:10\nStack trace:\n#0 {main}\n  thrown in C:\\xampp\\htdocs\\rapor_sekolah\\proses.php on line 10, referer: http://localhost/rapor_sekolah/login.php
[Thu Jul 04 20:07:16.075661 2019] [php7:warn] [pid 7908:tid 1900] [client ::1:52556] PHP Warning:  mysqli_connect(): (HY000/1045): Access denied for user 'roo'@'localhost' (using password: NO) in C:\\xampp\\htdocs\\rapor_sekolah\\koneksi.php on line 2, referer: http://localhost/rapor_sekolah/login.php
[Thu Jul 04 20:07:16.075661 2019] [php7:error] [pid 7908:tid 1900] [client ::1:52556] PHP Fatal error:  Uncaught Error: Call to undefined function mysql_query() in C:\\xampp\\htdocs\\rapor_sekolah\\proses.php:10\nStack trace:\n#0 {main}\n  thrown in C:\\xampp\\htdocs\\rapor_sekolah\\proses.php on line 10, referer: http://localhost/rapor_sekolah/login.php
[Thu Jul 04 20:07:36.588529 2019] [php7:error] [pid 7908:tid 1900] [client ::1:52559] PHP Fatal error:  Uncaught Error: Call to undefined function mysql_query() in C:\\xampp\\htdocs\\rapor_sekolah\\proses.php:10\nStack trace:\n#0 {main}\n  thrown in C:\\xampp\\htdocs\\rapor_sekolah\\proses.php on line 10, referer: http://localhost/rapor_sekolah/login.php
[Thu Jul 04 20:07:39.106311 2019] [php7:error] [pid 7908:tid 1900] [client ::1:52559] PHP Fatal error:  Uncaught Error: Call to undefined function mysql_query() in C:\\xampp\\htdocs\\rapor_sekolah\\proses.php:10\nStack trace:\n#0 {main}\n  thrown in C:\\xampp\\htdocs\\rapor_sekolah\\proses.php on line 10, referer: http://localhost/rapor_sekolah/login.php
[Thu Jul 04 20:09:39.053273 2019] [php7:error] [pid 7908:tid 1900] [client ::1:52580] PHP Fatal error:  Uncaught Error: Call to undefined function mysql_query() in C:\\xampp\\htdocs\\rapor_sekolah\\proses.php:9\nStack trace:\n#0 {main}\n  thrown in C:\\xampp\\htdocs\\rapor_sekolah\\proses.php on line 9, referer: http://localhost/rapor_sekolah/login.php
[Thu Jul 04 20:12:53.902987 2019] [php7:error] [pid 7908:tid 1900] [client ::1:52605] PHP Fatal error:  Uncaught Error: Call to undefined function mysql_query() in C:\\xampp\\htdocs\\rapor_sekolah\\proses.php:9\nStack trace:\n#0 {main}\n  thrown in C:\\xampp\\htdocs\\rapor_sekolah\\proses.php on line 9, referer: http://localhost/rapor_sekolah/login.php
[Thu Jul 04 20:13:05.436602 2019] [php7:error] [pid 7908:tid 1900] [client ::1:52609] PHP Fatal error:  Uncaught Error: Call to undefined function mysql_query() in C:\\xampp\\htdocs\\rapor_sekolah\\proses.php:9\nStack trace:\n#0 {main}\n  thrown in C:\\xampp\\htdocs\\rapor_sekolah\\proses.php on line 9, referer: http://localhost/rapor_sekolah/login.php
[Thu Jul 04 20:15:49.563840 2019] [php7:warn] [pid 7908:tid 1900] [client ::1:52714] PHP Warning:  mysqli_query() expects at least 2 parameters, 1 given in C:\\xampp\\htdocs\\rapor_sekolah\\proses.php on line 9, referer: http://localhost/rapor_sekolah/login.php
[Thu Jul 04 20:15:49.569826 2019] [php7:warn] [pid 7908:tid 1900] [client ::1:52714] PHP Warning:  mysqli_num_rows() expects parameter 1 to be mysqli_result, null given in C:\\xampp\\htdocs\\rapor_sekolah\\proses.php on line 10, referer: http://localhost/rapor_sekolah/login.php
[Thu Jul 04 20:15:49.569826 2019] [php7:error] [pid 7908:tid 1900] [client ::1:52714] PHP Fatal error:  Uncaught Error: Call to undefined function mysql_fetch_array() in C:\\xampp\\htdocs\\rapor_sekolah\\proses.php:12\nStack trace:\n#0 {main}\n  thrown in C:\\xampp\\htdocs\\rapor_sekolah\\proses.php on line 12, referer: http://localhost/rapor_sekolah/login.php
[Thu Jul 04 20:16:00.283359 2019] [php7:warn] [pid 7908:tid 1900] [client ::1:52717] PHP Warning:  mysqli_query() expects at least 2 parameters, 1 given in C:\\xampp\\htdocs\\rapor_sekolah\\proses.php on line 9, referer: http://localhost/rapor_sekolah/login.php
[Thu Jul 04 20:16:00.283359 2019] [php7:error] [pid 7908:tid 1900] [client ::1:52717] PHP Fatal error:  Uncaught Error: Call to undefined function mysql_num_rows() in C:\\xampp\\htdocs\\rapor_sekolah\\proses.php:10\nStack trace:\n#0 {main}\n  thrown in C:\\xampp\\htdocs\\rapor_sekolah\\proses.php on line 10, referer: http://localhost/rapor_sekolah/login.php
[Thu Jul 04 20:16:14.267338 2019] [php7:warn] [pid 7908:tid 1900] [client ::1:52723] PHP Warning:  mysqli_query() expects at least 2 parameters, 1 given in C:\\xampp\\htdocs\\rapor_sekolah\\proses.php on line 9, referer: http://localhost/rapor_sekolah/login.php
[Thu Jul 04 20:16:14.268335 2019] [php7:error] [pid 7908:tid 1900] [client ::1:52723] PHP Fatal error:  Uncaught Error: Call to undefined function mysql_num_rows() in C:\\xampp\\htdocs\\rapor_sekolah\\proses.php:10\nStack trace:\n#0 {main}\n  thrown in C:\\xampp\\htdocs\\rapor_sekolah\\proses.php on line 10, referer: http://localhost/rapor_sekolah/login.php
[Thu Jul 04 20:17:32.753508 2019] [php7:warn] [pid 7908:tid 1900] [client ::1:52736] PHP Warning:  mysqli_query() expects at least 2 parameters, 1 given in C:\\xampp\\htdocs\\rapor_sekolah\\proses.php on line 9, referer: http://localhost/rapor_sekolah/login.php
[Thu Jul 04 20:17:32.753508 2019] [php7:warn] [pid 7908:tid 1900] [client ::1:52736] PHP Warning:  mysqli_num_rows() expects parameter 1 to be mysqli_result, null given in C:\\xampp\\htdocs\\rapor_sekolah\\proses.php on line 10, referer: http://localhost/rapor_sekolah/login.php
[Thu Jul 04 20:17:32.753508 2019] [php7:warn] [pid 7908:tid 1900] [client ::1:52736] PHP Warning:  mysqli_fetch_array() expects parameter 1 to be mysqli_result, null given in C:\\xampp\\htdocs\\rapor_sekolah\\proses.php on line 12, referer: http://localhost/rapor_sekolah/login.php
[Thu Jul 04 20:21:48.220193 2019] [php7:warn] [pid 7908:tid 1900] [client ::1:52794] PHP Warning:  mysqli_query() expects at least 2 parameters, 1 given in C:\\xampp\\htdocs\\rapor_sekolah\\proses.php on line 9, referer: http://localhost/rapor_sekolah/login.php
[Thu Jul 04 20:21:48.220193 2019] [php7:warn] [pid 7908:tid 1900] [client ::1:52794] PHP Warning:  mysqli_num_rows() expects parameter 1 to be mysqli_result, null given in C:\\xampp\\htdocs\\rapor_sekolah\\proses.php on line 10, referer: http://localhost/rapor_sekolah/login.php
[Thu Jul 04 20:21:48.220193 2019] [php7:warn] [pid 7908:tid 1900] [client ::1:52794] PHP Warning:  mysqli_fetch_array() expects parameter 1 to be mysqli_result, null given in C:\\xampp\\htdocs\\rapor_sekolah\\proses.php on line 12, referer: http://localhost/rapor_sekolah/login.php
[Thu Jul 04 20:22:15.507459 2019] [php7:warn] [pid 7908:tid 1900] [client ::1:52799] PHP Warning:  mysqli_query() expects at least 2 parameters, 1 given in C:\\xampp\\htdocs\\rapor_sekolah\\proses.php on line 9, referer: http://localhost/rapor_sekolah/login.php
[Thu Jul 04 20:22:15.508457 2019] [php7:warn] [pid 7908:tid 1900] [client ::1:52799] PHP Warning:  mysqli_num_rows() expects parameter 1 to be mysqli_result, null given in C:\\xampp\\htdocs\\rapor_sekolah\\proses.php on line 10, referer: http://localhost/rapor_sekolah/login.php
[Thu Jul 04 20:22:15.508457 2019] [php7:warn] [pid 7908:tid 1900] [client ::1:52799] PHP Warning:  mysqli_fetch_array() expects parameter 1 to be mysqli_result, null given in C:\\xampp\\htdocs\\rapor_sekolah\\proses.php on line 12, referer: http://localhost/rapor_sekolah/login.php
[Thu Jul 04 20:22:27.240702 2019] [php7:error] [pid 7908:tid 1900] [client ::1:52801] PHP Fatal error:  Uncaught Error: Call to undefined function mysql_query() in C:\\xampp\\htdocs\\rapor_sekolah\\proses.php:9\nStack trace:\n#0 {main}\n  thrown in C:\\xampp\\htdocs\\rapor_sekolah\\proses.php on line 9, referer: http://localhost/rapor_sekolah/login.php
[Thu Jul 04 20:22:40.571371 2019] [php7:error] [pid 7908:tid 1900] [client ::1:52801] PHP Fatal error:  Uncaught Error: Call to undefined function mysql_query() in C:\\xampp\\htdocs\\rapor_sekolah\\proses.php:9\nStack trace:\n#0 {main}\n  thrown in C:\\xampp\\htdocs\\rapor_sekolah\\proses.php on line 9, referer: http://localhost/rapor_sekolah/login.php
[Thu Jul 04 20:22:41.570339 2019] [php7:error] [pid 7908:tid 1900] [client ::1:52801] PHP Fatal error:  Uncaught Error: Call to undefined function mysql_query() in C:\\xampp\\htdocs\\rapor_sekolah\\proses.php:9\nStack trace:\n#0 {main}\n  thrown in C:\\xampp\\htdocs\\rapor_sekolah\\proses.php on line 9, referer: http://localhost/rapor_sekolah/login.php
[Thu Jul 04 20:23:12.275839 2019] [php7:error] [pid 7908:tid 1900] [client ::1:52811] PHP Fatal error:  Uncaught Error: Call to undefined function mysql_query() in C:\\xampp\\htdocs\\rapor_sekolah\\proses.php:9\nStack trace:\n#0 {main}\n  thrown in C:\\xampp\\htdocs\\rapor_sekolah\\proses.php on line 9, referer: http://localhost/rapor_sekolah/login.php
[Thu Jul 04 20:23:13.395116 2019] [php7:error] [pid 7908:tid 1900] [client ::1:52811] PHP Fatal error:  Uncaught Error: Call to undefined function mysql_query() in C:\\xampp\\htdocs\\rapor_sekolah\\proses.php:9\nStack trace:\n#0 {main}\n  thrown in C:\\xampp\\htdocs\\rapor_sekolah\\proses.php on line 9, referer: http://localhost/rapor_sekolah/login.php
[Thu Jul 04 20:28:57.578462 2019] [php7:error] [pid 7908:tid 1904] [client ::1:52861] PHP Fatal error:  Uncaught Error: Call to undefined function mysql_connect() in C:\\xampp\\htdocs\\rapor_sekolah\\koneksi.php:6\nStack trace:\n#0 C:\\xampp\\htdocs\\rapor_sekolah\\proses.php(4): include()\n#1 {main}\n  thrown in C:\\xampp\\htdocs\\rapor_sekolah\\koneksi.php on line 6, referer: http://localhost/rapor_sekolah/login.php
[Thu Jul 04 20:30:42.944724 2019] [php7:warn] [pid 7908:tid 1904] [client ::1:52884] PHP Warning:  mysqli_select_db() expects exactly 2 parameters, 1 given in C:\\xampp\\htdocs\\rapor_sekolah\\koneksi.php on line 8, referer: http://localhost/rapor_sekolah/login.php
[Thu Jul 04 20:30:42.945722 2019] [php7:error] [pid 7908:tid 1904] [client ::1:52884] PHP Fatal error:  Uncaught Error: Call to undefined function mysql_query() in C:\\xampp\\htdocs\\rapor_sekolah\\proses.php:9\nStack trace:\n#0 {main}\n  thrown in C:\\xampp\\htdocs\\rapor_sekolah\\proses.php on line 9, referer: http://localhost/rapor_sekolah/login.php
[Thu Jul 04 20:31:33.615147 2019] [php7:error] [pid 7908:tid 1904] [client ::1:52890] PHP Fatal error:  Uncaught Error: Call to undefined function mysql_connect() in C:\\xampp\\htdocs\\rapor_sekolah\\koneksi.php:8\nStack trace:\n#0 {main}\n  thrown in C:\\xampp\\htdocs\\rapor_sekolah\\koneksi.php on line 8, referer: http://localhost/rapor_sekolah/
[Thu Jul 04 20:32:33.961131 2019] [php7:error] [pid 7908:tid 1904] [client ::1:52901] PHP Fatal error:  Uncaught Error: Call to undefined function mysql_connect() in C:\\xampp\\htdocs\\rapor_sekolah\\koneksi.php:7\nStack trace:\n#0 {main}\n  thrown in C:\\xampp\\htdocs\\rapor_sekolah\\koneksi.php on line 7, referer: http://localhost/rapor_sekolah/
[Thu Jul 04 20:32:34.687815 2019] [php7:error] [pid 7908:tid 1904] [client ::1:52901] PHP Fatal error:  Uncaught Error: Call to undefined function mysql_connect() in C:\\xampp\\htdocs\\rapor_sekolah\\koneksi.php:7\nStack trace:\n#0 {main}\n  thrown in C:\\xampp\\htdocs\\rapor_sekolah\\koneksi.php on line 7, referer: http://localhost/rapor_sekolah/
[Thu Jul 04 20:32:35.057124 2019] [php7:error] [pid 7908:tid 1904] [client ::1:52901] PHP Fatal error:  Uncaught Error: Call to undefined function mysql_connect() in C:\\xampp\\htdocs\\rapor_sekolah\\koneksi.php:7\nStack trace:\n#0 {main}\n  thrown in C:\\xampp\\htdocs\\rapor_sekolah\\koneksi.php on line 7, referer: http://localhost/rapor_sekolah/
[Thu Jul 04 20:32:36.139837 2019] [php7:error] [pid 7908:tid 1904] [client ::1:52903] PHP Fatal error:  Uncaught Error: Call to undefined function mysql_connect() in C:\\xampp\\htdocs\\rapor_sekolah\\koneksi.php:7\nStack trace:\n#0 {main}\n  thrown in C:\\xampp\\htdocs\\rapor_sekolah\\koneksi.php on line 7, referer: http://localhost/rapor_sekolah/
[Thu Jul 04 20:32:37.121111 2019] [php7:error] [pid 7908:tid 1904] [client ::1:52903] PHP Fatal error:  Uncaught Error: Call to undefined function mysql_connect() in C:\\xampp\\htdocs\\rapor_sekolah\\koneksi.php:7\nStack trace:\n#0 {main}\n  thrown in C:\\xampp\\htdocs\\rapor_sekolah\\koneksi.php on line 7, referer: http://localhost/rapor_sekolah/
[Thu Jul 04 20:32:37.296653 2019] [php7:error] [pid 7908:tid 1904] [client ::1:52903] PHP Fatal error:  Uncaught Error: Call to undefined function mysql_connect() in C:\\xampp\\htdocs\\rapor_sekolah\\koneksi.php:7\nStack trace:\n#0 {main}\n  thrown in C:\\xampp\\htdocs\\rapor_sekolah\\koneksi.php on line 7, referer: http://localhost/rapor_sekolah/
[Thu Jul 04 20:32:37.456226 2019] [php7:error] [pid 7908:tid 1904] [client ::1:52903] PHP Fatal error:  Uncaught Error: Call to undefined function mysql_connect() in C:\\xampp\\htdocs\\rapor_sekolah\\koneksi.php:7\nStack trace:\n#0 {main}\n  thrown in C:\\xampp\\htdocs\\rapor_sekolah\\koneksi.php on line 7, referer: http://localhost/rapor_sekolah/
[Thu Jul 04 20:32:37.621822 2019] [php7:error] [pid 7908:tid 1904] [client ::1:52903] PHP Fatal error:  Uncaught Error: Call to undefined function mysql_connect() in C:\\xampp\\htdocs\\rapor_sekolah\\koneksi.php:7\nStack trace:\n#0 {main}\n  thrown in C:\\xampp\\htdocs\\rapor_sekolah\\koneksi.php on line 7, referer: http://localhost/rapor_sekolah/
[Thu Jul 04 20:32:42.259144 2019] [php7:error] [pid 7908:tid 1904] [client ::1:52903] PHP Fatal error:  Uncaught Error: Call to undefined function mysql_connect() in C:\\xampp\\htdocs\\rapor_sekolah\\koneksi.php:7\nStack trace:\n#0 {main}\n  thrown in C:\\xampp\\htdocs\\rapor_sekolah\\koneksi.php on line 7
[Thu Jul 04 20:34:02.266043 2019] [php7:error] [pid 7908:tid 1904] [client ::1:52915] PHP Fatal error:  Uncaught Error: Call to undefined function mysql_connect() in C:\\xampp\\htdocs\\rapor_sekolah\\koneksi.php:7\nStack trace:\n#0 {main}\n  thrown in C:\\xampp\\htdocs\\rapor_sekolah\\koneksi.php on line 7
[Thu Jul 04 20:34:03.371473 2019] [php7:error] [pid 7908:tid 1904] [client ::1:52915] PHP Fatal error:  Uncaught Error: Call to undefined function mysql_connect() in C:\\xampp\\htdocs\\rapor_sekolah\\koneksi.php:7\nStack trace:\n#0 {main}\n  thrown in C:\\xampp\\htdocs\\rapor_sekolah\\koneksi.php on line 7
[Thu Jul 04 20:34:03.544045 2019] [php7:error] [pid 7908:tid 1904] [client ::1:52915] PHP Fatal error:  Uncaught Error: Call to undefined function mysql_connect() in C:\\xampp\\htdocs\\rapor_sekolah\\koneksi.php:7\nStack trace:\n#0 {main}\n  thrown in C:\\xampp\\htdocs\\rapor_sekolah\\koneksi.php on line 7
[Thu Jul 04 20:34:03.671676 2019] [php7:error] [pid 7908:tid 1904] [client ::1:52915] PHP Fatal error:  Uncaught Error: Call to undefined function mysql_connect() in C:\\xampp\\htdocs\\rapor_sekolah\\koneksi.php:7\nStack trace:\n#0 {main}\n  thrown in C:\\xampp\\htdocs\\rapor_sekolah\\koneksi.php on line 7
[Thu Jul 04 20:34:03.791058 2019] [php7:error] [pid 7908:tid 1904] [client ::1:52915] PHP Fatal error:  Uncaught Error: Call to undefined function mysql_connect() in C:\\xampp\\htdocs\\rapor_sekolah\\koneksi.php:7\nStack trace:\n#0 {main}\n  thrown in C:\\xampp\\htdocs\\rapor_sekolah\\koneksi.php on line 7
[Thu Jul 04 20:34:17.994435 2019] [php7:error] [pid 7908:tid 1904] [client ::1:52919] script 'C:/xampp/htdocs/konek.php' not found or unable to stat
[Thu Jul 04 20:34:36.226252 2019] [php7:error] [pid 7908:tid 1892] [client ::1:52931] script 'C:/xampp/htdocs/koneksi.php' not found or unable to stat
[Thu Jul 04 20:38:52.498288 2019] [php7:error] [pid 7908:tid 1892] [client ::1:52961] script 'C:/xampp/htdocs/koneksi.php' not found or unable to stat
[Thu Jul 04 20:39:01.635319 2019] [php7:error] [pid 7908:tid 1892] [client ::1:52963] script 'C:/xampp/htdocs/login.php' not found or unable to stat
[Thu Jul 04 20:39:13.152187 2019] [php7:error] [pid 7908:tid 1892] [client ::1:52964] PHP Fatal error:  Uncaught Error: Call to undefined function mysql_connect() in C:\\xampp\\htdocs\\rapor_sekolah\\koneksi.php:7\nStack trace:\n#0 {main}\n  thrown in C:\\xampp\\htdocs\\rapor_sekolah\\koneksi.php on line 7, referer: http://localhost/rapor_sekolah/
[Thu Jul 04 20:39:28.061173 2019] [php7:error] [pid 7908:tid 1892] [client ::1:52967] PHP Fatal error:  Uncaught Error: Call to undefined function mysql_select_db() in C:\\xampp\\htdocs\\rapor_sekolah\\koneksi.php:8\nStack trace:\n#0 {main}\n  thrown in C:\\xampp\\htdocs\\rapor_sekolah\\koneksi.php on line 8, referer: http://localhost/rapor_sekolah/
[Thu Jul 04 20:39:28.698508 2019] [php7:error] [pid 7908:tid 1892] [client ::1:52967] PHP Fatal error:  Uncaught Error: Call to undefined function mysql_select_db() in C:\\xampp\\htdocs\\rapor_sekolah\\koneksi.php:8\nStack trace:\n#0 {main}\n  thrown in C:\\xampp\\htdocs\\rapor_sekolah\\koneksi.php on line 8, referer: http://localhost/rapor_sekolah/
[Thu Jul 04 20:39:28.968296 2019] [php7:error] [pid 7908:tid 1892] [client ::1:52967] PHP Fatal error:  Uncaught Error: Call to undefined function mysql_select_db() in C:\\xampp\\htdocs\\rapor_sekolah\\koneksi.php:8\nStack trace:\n#0 {main}\n  thrown in C:\\xampp\\htdocs\\rapor_sekolah\\koneksi.php on line 8, referer: http://localhost/rapor_sekolah/
[Thu Jul 04 20:39:29.226150 2019] [php7:error] [pid 7908:tid 1892] [client ::1:52967] PHP Fatal error:  Uncaught Error: Call to undefined function mysql_select_db() in C:\\xampp\\htdocs\\rapor_sekolah\\koneksi.php:8\nStack trace:\n#0 {main}\n  thrown in C:\\xampp\\htdocs\\rapor_sekolah\\koneksi.php on line 8, referer: http://localhost/rapor_sekolah/
[Thu Jul 04 20:39:29.442567 2019] [php7:error] [pid 7908:tid 1892] [client ::1:52967] PHP Fatal error:  Uncaught Error: Call to undefined function mysql_select_db() in C:\\xampp\\htdocs\\rapor_sekolah\\koneksi.php:8\nStack trace:\n#0 {main}\n  thrown in C:\\xampp\\htdocs\\rapor_sekolah\\koneksi.php on line 8, referer: http://localhost/rapor_sekolah/
[Thu Jul 04 20:39:35.146164 2019] [php7:warn] [pid 7908:tid 1892] [client ::1:52974] PHP Warning:  mysqli_select_db() expects exactly 2 parameters, 1 given in C:\\xampp\\htdocs\\rapor_sekolah\\koneksi.php on line 8, referer: http://localhost/rapor_sekolah/
[Thu Jul 04 20:39:36.073595 2019] [php7:warn] [pid 7908:tid 1892] [client ::1:52976] PHP Warning:  mysqli_select_db() expects exactly 2 parameters, 1 given in C:\\xampp\\htdocs\\rapor_sekolah\\koneksi.php on line 8, referer: http://localhost/rapor_sekolah/
[Thu Jul 04 20:39:36.577017 2019] [php7:warn] [pid 7908:tid 1892] [client ::1:52976] PHP Warning:  mysqli_select_db() expects exactly 2 parameters, 1 given in C:\\xampp\\htdocs\\rapor_sekolah\\koneksi.php on line 8, referer: http://localhost/rapor_sekolah/
[Thu Jul 04 20:39:58.074132 2019] [php7:warn] [pid 7908:tid 1892] [client ::1:52982] PHP Warning:  mysqli_select_db() expects exactly 2 parameters, 1 given in C:\\xampp\\htdocs\\rapor_sekolah\\koneksi.php on line 8, referer: http://localhost/rapor_sekolah/
[Thu Jul 04 20:39:58.666548 2019] [php7:warn] [pid 7908:tid 1892] [client ::1:52982] PHP Warning:  mysqli_select_db() expects exactly 2 parameters, 1 given in C:\\xampp\\htdocs\\rapor_sekolah\\koneksi.php on line 8, referer: http://localhost/rapor_sekolah/
[Thu Jul 04 20:39:58.929843 2019] [php7:warn] [pid 7908:tid 1892] [client ::1:52982] PHP Warning:  mysqli_select_db() expects exactly 2 parameters, 1 given in C:\\xampp\\htdocs\\rapor_sekolah\\koneksi.php on line 8, referer: http://localhost/rapor_sekolah/
[Thu Jul 04 20:39:59.130307 2019] [php7:warn] [pid 7908:tid 1892] [client ::1:52982] PHP Warning:  mysqli_select_db() expects exactly 2 parameters, 1 given in C:\\xampp\\htdocs\\rapor_sekolah\\koneksi.php on line 8, referer: http://localhost/rapor_sekolah/
[Thu Jul 04 20:39:59.329774 2019] [php7:warn] [pid 7908:tid 1892] [client ::1:52982] PHP Warning:  mysqli_select_db() expects exactly 2 parameters, 1 given in C:\\xampp\\htdocs\\rapor_sekolah\\koneksi.php on line 8, referer: http://localhost/rapor_sekolah/
[Thu Jul 04 20:39:59.520263 2019] [php7:warn] [pid 7908:tid 1892] [client ::1:52982] PHP Warning:  mysqli_select_db() expects exactly 2 parameters, 1 given in C:\\xampp\\htdocs\\rapor_sekolah\\koneksi.php on line 8, referer: http://localhost/rapor_sekolah/
[Thu Jul 04 20:39:59.722723 2019] [php7:warn] [pid 7908:tid 1892] [client ::1:52982] PHP Warning:  mysqli_select_db() expects exactly 2 parameters, 1 given in C:\\xampp\\htdocs\\rapor_sekolah\\koneksi.php on line 8, referer: http://localhost/rapor_sekolah/
[Thu Jul 04 20:39:59.923187 2019] [php7:warn] [pid 7908:tid 1892] [client ::1:52982] PHP Warning:  mysqli_select_db() expects exactly 2 parameters, 1 given in C:\\xampp\\htdocs\\rapor_sekolah\\koneksi.php on line 8, referer: http://localhost/rapor_sekolah/
[Thu Jul 04 20:40:00.250315 2019] [php7:warn] [pid 7908:tid 1892] [client ::1:52982] PHP Warning:  mysqli_select_db() expects exactly 2 parameters, 1 given in C:\\xampp\\htdocs\\rapor_sekolah\\koneksi.php on line 8, referer: http://localhost/rapor_sekolah/
[Thu Jul 04 20:40:00.554498 2019] [php7:warn] [pid 7908:tid 1892] [client ::1:52982] PHP Warning:  mysqli_select_db() expects exactly 2 parameters, 1 given in C:\\xampp\\htdocs\\rapor_sekolah\\koneksi.php on line 8, referer: http://localhost/rapor_sekolah/
[Thu Jul 04 20:40:00.824775 2019] [php7:warn] [pid 7908:tid 1892] [client ::1:52982] PHP Warning:  mysqli_select_db() expects exactly 2 parameters, 1 given in C:\\xampp\\htdocs\\rapor_sekolah\\koneksi.php on line 8, referer: http://localhost/rapor_sekolah/
[Thu Jul 04 20:40:01.189799 2019] [php7:warn] [pid 7908:tid 1892] [client ::1:52982] PHP Warning:  mysqli_select_db() expects exactly 2 parameters, 1 given in C:\\xampp\\htdocs\\rapor_sekolah\\koneksi.php on line 8, referer: http://localhost/rapor_sekolah/
[Thu Jul 04 20:40:01.456086 2019] [php7:warn] [pid 7908:tid 1892] [client ::1:52982] PHP Warning:  mysqli_select_db() expects exactly 2 parameters, 1 given in C:\\xampp\\htdocs\\rapor_sekolah\\koneksi.php on line 8, referer: http://localhost/rapor_sekolah/
[Thu Jul 04 20:40:01.827095 2019] [php7:warn] [pid 7908:tid 1892] [client ::1:52982] PHP Warning:  mysqli_select_db() expects exactly 2 parameters, 1 given in C:\\xampp\\htdocs\\rapor_sekolah\\koneksi.php on line 8, referer: http://localhost/rapor_sekolah/
[Thu Jul 04 20:40:02.512263 2019] [php7:warn] [pid 7908:tid 1892] [client ::1:52982] PHP Warning:  mysqli_select_db() expects exactly 2 parameters, 1 given in C:\\xampp\\htdocs\\rapor_sekolah\\koneksi.php on line 8, referer: http://localhost/rapor_sekolah/
[Thu Jul 04 20:40:02.752619 2019] [php7:warn] [pid 7908:tid 1892] [client ::1:52982] PHP Warning:  mysqli_select_db() expects exactly 2 parameters, 1 given in C:\\xampp\\htdocs\\rapor_sekolah\\koneksi.php on line 8, referer: http://localhost/rapor_sekolah/
[Thu Jul 04 20:40:02.928151 2019] [php7:warn] [pid 7908:tid 1892] [client ::1:52982] PHP Warning:  mysqli_select_db() expects exactly 2 parameters, 1 given in C:\\xampp\\htdocs\\rapor_sekolah\\koneksi.php on line 8, referer: http://localhost/rapor_sekolah/
[Thu Jul 04 20:40:03.080746 2019] [php7:warn] [pid 7908:tid 1892] [client ::1:52982] PHP Warning:  mysqli_select_db() expects exactly 2 parameters, 1 given in C:\\xampp\\htdocs\\rapor_sekolah\\koneksi.php on line 8, referer: http://localhost/rapor_sekolah/
[Thu Jul 04 20:40:13.698385 2019] [php7:warn] [pid 7908:tid 1892] [client ::1:53004] PHP Warning:  mysqli_select_db() expects exactly 2 parameters, 1 given in C:\\xampp\\htdocs\\rapor_sekolah\\koneksi.php on line 8, referer: http://localhost/rapor_sekolah/
[Thu Jul 04 20:40:14.154166 2019] [php7:warn] [pid 7908:tid 1892] [client ::1:53004] PHP Warning:  mysqli_select_db() expects exactly 2 parameters, 1 given in C:\\xampp\\htdocs\\rapor_sekolah\\koneksi.php on line 8, referer: http://localhost/rapor_sekolah/
[Thu Jul 04 20:40:14.389535 2019] [php7:warn] [pid 7908:tid 1892] [client ::1:53004] PHP Warning:  mysqli_select_db() expects exactly 2 parameters, 1 given in C:\\xampp\\htdocs\\rapor_sekolah\\koneksi.php on line 8, referer: http://localhost/rapor_sekolah/
[Thu Jul 04 20:40:14.607952 2019] [php7:warn] [pid 7908:tid 1892] [client ::1:53004] PHP Warning:  mysqli_select_db() expects exactly 2 parameters, 1 given in C:\\xampp\\htdocs\\rapor_sekolah\\koneksi.php on line 8, referer: http://localhost/rapor_sekolah/
[Thu Jul 04 20:40:14.778495 2019] [php7:warn] [pid 7908:tid 1892] [client ::1:53004] PHP Warning:  mysqli_select_db() expects exactly 2 parameters, 1 given in C:\\xampp\\htdocs\\rapor_sekolah\\koneksi.php on line 8, referer: http://localhost/rapor_sekolah/
[Thu Jul 04 20:40:14.975967 2019] [php7:warn] [pid 7908:tid 1892] [client ::1:53004] PHP Warning:  mysqli_select_db() expects exactly 2 parameters, 1 given in C:\\xampp\\htdocs\\rapor_sekolah\\koneksi.php on line 8, referer: http://localhost/rapor_sekolah/
[Thu Jul 04 20:40:15.146511 2019] [php7:warn] [pid 7908:tid 1892] [client ::1:53004] PHP Warning:  mysqli_select_db() expects exactly 2 parameters, 1 given in C:\\xampp\\htdocs\\rapor_sekolah\\koneksi.php on line 8, referer: http://localhost/rapor_sekolah/
[Thu Jul 04 20:40:15.331016 2019] [php7:warn] [pid 7908:tid 1892] [client ::1:53004] PHP Warning:  mysqli_select_db() expects exactly 2 parameters, 1 given in C:\\xampp\\htdocs\\rapor_sekolah\\koneksi.php on line 8, referer: http://localhost/rapor_sekolah/
[Thu Jul 04 20:40:15.519513 2019] [php7:warn] [pid 7908:tid 1892] [client ::1:53004] PHP Warning:  mysqli_select_db() expects exactly 2 parameters, 1 given in C:\\xampp\\htdocs\\rapor_sekolah\\koneksi.php on line 8, referer: http://localhost/rapor_sekolah/
[Thu Jul 04 20:40:15.681081 2019] [php7:warn] [pid 7908:tid 1892] [client ::1:53014] PHP Warning:  mysqli_select_db() expects exactly 2 parameters, 1 given in C:\\xampp\\htdocs\\rapor_sekolah\\koneksi.php on line 8, referer: http://localhost/rapor_sekolah/
[Thu Jul 04 20:40:15.857611 2019] [php7:warn] [pid 7908:tid 1892] [client ::1:53014] PHP Warning:  mysqli_select_db() expects exactly 2 parameters, 1 given in C:\\xampp\\htdocs\\rapor_sekolah\\koneksi.php on line 8, referer: http://localhost/rapor_sekolah/
[Thu Jul 04 20:40:16.038125 2019] [php7:warn] [pid 7908:tid 1892] [client ::1:53014] PHP Warning:  mysqli_select_db() expects exactly 2 parameters, 1 given in C:\\xampp\\htdocs\\rapor_sekolah\\koneksi.php on line 8, referer: http://localhost/rapor_sekolah/
[Thu Jul 04 20:40:26.002483 2019] [php7:warn] [pid 7908:tid 1892] [client ::1:53018] PHP Warning:  mysqli_select_db() expects exactly 2 parameters, 1 given in C:\\xampp\\htdocs\\rapor_sekolah\\koneksi.php on line 8, referer: http://localhost/rapor_sekolah/
[Thu Jul 04 20:40:26.523089 2019] [php7:warn] [pid 7908:tid 1892] [client ::1:53018] PHP Warning:  mysqli_select_db() expects exactly 2 parameters, 1 given in C:\\xampp\\htdocs\\rapor_sekolah\\koneksi.php on line 8, referer: http://localhost/rapor_sekolah/
[Thu Jul 04 20:40:26.745494 2019] [php7:warn] [pid 7908:tid 1892] [client ::1:53018] PHP Warning:  mysqli_select_db() expects exactly 2 parameters, 1 given in C:\\xampp\\htdocs\\rapor_sekolah\\koneksi.php on line 8, referer: http://localhost/rapor_sekolah/
[Thu Jul 04 20:40:26.946954 2019] [php7:warn] [pid 7908:tid 1892] [client ::1:53018] PHP Warning:  mysqli_select_db() expects exactly 2 parameters, 1 given in C:\\xampp\\htdocs\\rapor_sekolah\\koneksi.php on line 8, referer: http://localhost/rapor_sekolah/
[Thu Jul 04 20:40:27.113510 2019] [php7:warn] [pid 7908:tid 1892] [client ::1:53018] PHP Warning:  mysqli_select_db() expects exactly 2 parameters, 1 given in C:\\xampp\\htdocs\\rapor_sekolah\\koneksi.php on line 8, referer: http://localhost/rapor_sekolah/
[Thu Jul 04 20:40:27.515435 2019] [php7:warn] [pid 7908:tid 1892] [client ::1:53018] PHP Warning:  mysqli_select_db() expects exactly 2 parameters, 1 given in C:\\xampp\\htdocs\\rapor_sekolah\\koneksi.php on line 8, referer: http://localhost/rapor_sekolah/
[Thu Jul 04 20:40:27.730863 2019] [php7:warn] [pid 7908:tid 1892] [client ::1:53018] PHP Warning:  mysqli_select_db() expects exactly 2 parameters, 1 given in C:\\xampp\\htdocs\\rapor_sekolah\\koneksi.php on line 8, referer: http://localhost/rapor_sekolah/
[Thu Jul 04 20:40:27.931323 2019] [php7:warn] [pid 7908:tid 1892] [client ::1:53018] PHP Warning:  mysqli_select_db() expects exactly 2 parameters, 1 given in C:\\xampp\\htdocs\\rapor_sekolah\\koneksi.php on line 8, referer: http://localhost/rapor_sekolah/
[Thu Jul 04 20:40:28.121813 2019] [php7:warn] [pid 7908:tid 1892] [client ::1:53018] PHP Warning:  mysqli_select_db() expects exactly 2 parameters, 1 given in C:\\xampp\\htdocs\\rapor_sekolah\\koneksi.php on line 8, referer: http://localhost/rapor_sekolah/
[Thu Jul 04 20:40:28.305324 2019] [php7:warn] [pid 7908:tid 1892] [client ::1:53018] PHP Warning:  mysqli_select_db() expects exactly 2 parameters, 1 given in C:\\xampp\\htdocs\\rapor_sekolah\\koneksi.php on line 8, referer: http://localhost/rapor_sekolah/
[Thu Jul 04 20:40:28.465893 2019] [php7:warn] [pid 7908:tid 1892] [client ::1:53018] PHP Warning:  mysqli_select_db() expects exactly 2 parameters, 1 given in C:\\xampp\\htdocs\\rapor_sekolah\\koneksi.php on line 8, referer: http://localhost/rapor_sekolah/
[Thu Jul 04 20:40:28.625466 2019] [php7:warn] [pid 7908:tid 1892] [client ::1:53018] PHP Warning:  mysqli_select_db() expects exactly 2 parameters, 1 given in C:\\xampp\\htdocs\\rapor_sekolah\\koneksi.php on line 8, referer: http://localhost/rapor_sekolah/
[Thu Jul 04 20:41:39.571171 2019] [php7:warn] [pid 7908:tid 1892] [client ::1:53041] PHP Warning:  mysqli_select_db() expects exactly 2 parameters, 1 given in C:\\xampp\\htdocs\\rapor_sekolah\\koneksi.php on line 8, referer: http://localhost/rapor_sekolah/
[Thu Jul 04 20:41:40.057926 2019] [php7:warn] [pid 7908:tid 1892] [client ::1:53041] PHP Warning:  mysqli_select_db() expects exactly 2 parameters, 1 given in C:\\xampp\\htdocs\\rapor_sekolah\\koneksi.php on line 8, referer: http://localhost/rapor_sekolah/
[Thu Jul 04 20:41:40.264378 2019] [php7:warn] [pid 7908:tid 1892] [client ::1:53041] PHP Warning:  mysqli_select_db() expects exactly 2 parameters, 1 given in C:\\xampp\\htdocs\\rapor_sekolah\\koneksi.php on line 8, referer: http://localhost/rapor_sekolah/
[Thu Jul 04 20:41:40.493759 2019] [php7:warn] [pid 7908:tid 1892] [client ::1:53041] PHP Warning:  mysqli_select_db() expects exactly 2 parameters, 1 given in C:\\xampp\\htdocs\\rapor_sekolah\\koneksi.php on line 8, referer: http://localhost/rapor_sekolah/
[Thu Jul 04 20:41:40.698221 2019] [php7:warn] [pid 7908:tid 1892] [client ::1:53041] PHP Warning:  mysqli_select_db() expects exactly 2 parameters, 1 given in C:\\xampp\\htdocs\\rapor_sekolah\\koneksi.php on line 8, referer: http://localhost/rapor_sekolah/
[Thu Jul 04 20:41:40.889235 2019] [php7:warn] [pid 7908:tid 1892] [client ::1:53041] PHP Warning:  mysqli_select_db() expects exactly 2 parameters, 1 given in C:\\xampp\\htdocs\\rapor_sekolah\\koneksi.php on line 8, referer: http://localhost/rapor_sekolah/
[Thu Jul 04 20:41:56.094559 2019] [php7:warn] [pid 7908:tid 1892] [client ::1:53051] PHP Warning:  mysqli_select_db() expects exactly 2 parameters, 1 given in C:\\xampp\\htdocs\\rapor_sekolah\\koneksi.php on line 8, referer: http://localhost/rapor_sekolah/
[Thu Jul 04 20:41:56.420689 2019] [php7:warn] [pid 7908:tid 1892] [client ::1:53051] PHP Warning:  mysqli_select_db() expects exactly 2 parameters, 1 given in C:\\xampp\\htdocs\\rapor_sekolah\\koneksi.php on line 8, referer: http://localhost/rapor_sekolah/
[Thu Jul 04 20:41:56.604801 2019] [php7:warn] [pid 7908:tid 1892] [client ::1:53051] PHP Warning:  mysqli_select_db() expects exactly 2 parameters, 1 given in C:\\xampp\\htdocs\\rapor_sekolah\\koneksi.php on line 8, referer: http://localhost/rapor_sekolah/
[Thu Jul 04 20:41:56.785350 2019] [php7:warn] [pid 7908:tid 1892] [client ::1:53051] PHP Warning:  mysqli_select_db() expects exactly 2 parameters, 1 given in C:\\xampp\\htdocs\\rapor_sekolah\\koneksi.php on line 8, referer: http://localhost/rapor_sekolah/
[Thu Jul 04 20:41:56.961878 2019] [php7:warn] [pid 7908:tid 1892] [client ::1:53051] PHP Warning:  mysqli_select_db() expects exactly 2 parameters, 1 given in C:\\xampp\\htdocs\\rapor_sekolah\\koneksi.php on line 8, referer: http://localhost/rapor_sekolah/
[Thu Jul 04 20:41:57.147614 2019] [php7:warn] [pid 7908:tid 1892] [client ::1:53051] PHP Warning:  mysqli_select_db() expects exactly 2 parameters, 1 given in C:\\xampp\\htdocs\\rapor_sekolah\\koneksi.php on line 8, referer: http://localhost/rapor_sekolah/
[Thu Jul 04 20:41:57.343119 2019] [php7:warn] [pid 7908:tid 1892] [client ::1:53051] PHP Warning:  mysqli_select_db() expects exactly 2 parameters, 1 given in C:\\xampp\\htdocs\\rapor_sekolah\\koneksi.php on line 8, referer: http://localhost/rapor_sekolah/
[Thu Jul 04 20:41:57.545577 2019] [php7:warn] [pid 7908:tid 1892] [client ::1:53051] PHP Warning:  mysqli_select_db() expects exactly 2 parameters, 1 given in C:\\xampp\\htdocs\\rapor_sekolah\\koneksi.php on line 8, referer: http://localhost/rapor_sekolah/
[Thu Jul 04 20:43:19.597063 2019] [php7:crit] [pid 7908:tid 1892] [client ::1:53072] PHP Parse error:  syntax error, unexpected 'else' (T_ELSE) in C:\\xampp\\htdocs\\rapor_sekolah\\koneksi.php on line 15, referer: http://localhost/rapor_sekolah/
[Thu Jul 04 20:43:20.586454 2019] [php7:crit] [pid 7908:tid 1892] [client ::1:53072] PHP Parse error:  syntax error, unexpected 'else' (T_ELSE) in C:\\xampp\\htdocs\\rapor_sekolah\\koneksi.php on line 15, referer: http://localhost/rapor_sekolah/
[Thu Jul 04 20:43:20.841689 2019] [php7:crit] [pid 7908:tid 1892] [client ::1:53072] PHP Parse error:  syntax error, unexpected 'else' (T_ELSE) in C:\\xampp\\htdocs\\rapor_sekolah\\koneksi.php on line 15, referer: http://localhost/rapor_sekolah/
[Thu Jul 04 20:43:21.088730 2019] [php7:crit] [pid 7908:tid 1892] [client ::1:53072] PHP Parse error:  syntax error, unexpected 'else' (T_ELSE) in C:\\xampp\\htdocs\\rapor_sekolah\\koneksi.php on line 15, referer: http://localhost/rapor_sekolah/
[Thu Jul 04 20:43:21.337678 2019] [php7:crit] [pid 7908:tid 1892] [client ::1:53072] PHP Parse error:  syntax error, unexpected 'else' (T_ELSE) in C:\\xampp\\htdocs\\rapor_sekolah\\koneksi.php on line 15, referer: http://localhost/rapor_sekolah/
[Thu Jul 04 20:43:21.625521 2019] [php7:crit] [pid 7908:tid 1892] [client ::1:53072] PHP Parse error:  syntax error, unexpected 'else' (T_ELSE) in C:\\xampp\\htdocs\\rapor_sekolah\\koneksi.php on line 15, referer: http://localhost/rapor_sekolah/
[Thu Jul 04 20:43:21.898813 2019] [php7:crit] [pid 7908:tid 1892] [client ::1:53072] PHP Parse error:  syntax error, unexpected 'else' (T_ELSE) in C:\\xampp\\htdocs\\rapor_sekolah\\koneksi.php on line 15, referer: http://localhost/rapor_sekolah/
[Thu Jul 04 20:43:22.126204 2019] [php7:crit] [pid 7908:tid 1892] [client ::1:53072] PHP Parse error:  syntax error, unexpected 'else' (T_ELSE) in C:\\xampp\\htdocs\\rapor_sekolah\\koneksi.php on line 15, referer: http://localhost/rapor_sekolah/
[Thu Jul 04 20:43:22.345633 2019] [php7:crit] [pid 7908:tid 1892] [client ::1:53072] PHP Parse error:  syntax error, unexpected 'else' (T_ELSE) in C:\\xampp\\htdocs\\rapor_sekolah\\koneksi.php on line 15, referer: http://localhost/rapor_sekolah/
[Thu Jul 04 20:43:22.605939 2019] [php7:crit] [pid 7908:tid 1892] [client ::1:53072] PHP Parse error:  syntax error, unexpected 'else' (T_ELSE) in C:\\xampp\\htdocs\\rapor_sekolah\\koneksi.php on line 15, referer: http://localhost/rapor_sekolah/
[Thu Jul 04 20:43:22.867223 2019] [php7:crit] [pid 7908:tid 1892] [client ::1:53072] PHP Parse error:  syntax error, unexpected 'else' (T_ELSE) in C:\\xampp\\htdocs\\rapor_sekolah\\koneksi.php on line 15, referer: http://localhost/rapor_sekolah/
[Thu Jul 04 20:43:47.823297 2019] [php7:warn] [pid 7908:tid 1892] [client ::1:53076] PHP Warning:  mysqli_select_db() expects exactly 2 parameters, 1 given in C:\\xampp\\htdocs\\rapor_sekolah\\koneksi.php on line 8, referer: http://localhost/rapor_sekolah/
[Thu Jul 04 20:43:48.448613 2019] [php7:warn] [pid 7908:tid 1892] [client ::1:53076] PHP Warning:  mysqli_select_db() expects exactly 2 parameters, 1 given in C:\\xampp\\htdocs\\rapor_sekolah\\koneksi.php on line 8, referer: http://localhost/rapor_sekolah/
[Thu Jul 04 20:43:48.768839 2019] [php7:warn] [pid 7908:tid 1892] [client ::1:53076] PHP Warning:  mysqli_select_db() expects exactly 2 parameters, 1 given in C:\\xampp\\htdocs\\rapor_sekolah\\koneksi.php on line 8, referer: http://localhost/rapor_sekolah/
[Thu Jul 04 20:43:49.022163 2019] [php7:warn] [pid 7908:tid 1892] [client ::1:53076] PHP Warning:  mysqli_select_db() expects exactly 2 parameters, 1 given in C:\\xampp\\htdocs\\rapor_sekolah\\koneksi.php on line 8, referer: http://localhost/rapor_sekolah/
[Thu Jul 04 20:43:49.261569 2019] [php7:warn] [pid 7908:tid 1892] [client ::1:53076] PHP Warning:  mysqli_select_db() expects exactly 2 parameters, 1 given in C:\\xampp\\htdocs\\rapor_sekolah\\koneksi.php on line 8, referer: http://localhost/rapor_sekolah/
[Thu Jul 04 20:43:49.520887 2019] [php7:warn] [pid 7908:tid 1892] [client ::1:53076] PHP Warning:  mysqli_select_db() expects exactly 2 parameters, 1 given in C:\\xampp\\htdocs\\rapor_sekolah\\koneksi.php on line 8, referer: http://localhost/rapor_sekolah/
[Thu Jul 04 20:43:49.779002 2019] [php7:warn] [pid 7908:tid 1892] [client ::1:53076] PHP Warning:  mysqli_select_db() expects exactly 2 parameters, 1 given in C:\\xampp\\htdocs\\rapor_sekolah\\koneksi.php on line 8, referer: http://localhost/rapor_sekolah/
[Thu Jul 04 20:43:49.993826 2019] [php7:warn] [pid 7908:tid 1892] [client ::1:53076] PHP Warning:  mysqli_select_db() expects exactly 2 parameters, 1 given in C:\\xampp\\htdocs\\rapor_sekolah\\koneksi.php on line 8, referer: http://localhost/rapor_sekolah/
[Thu Jul 04 20:43:50.209262 2019] [php7:warn] [pid 7908:tid 1892] [client ::1:53076] PHP Warning:  mysqli_select_db() expects exactly 2 parameters, 1 given in C:\\xampp\\htdocs\\rapor_sekolah\\koneksi.php on line 8, referer: http://localhost/rapor_sekolah/
[Thu Jul 04 20:53:24.240463 2019] [php7:warn] [pid 7908:tid 1900] [client ::1:53170] PHP Warning:  mysqli_select_db() expects exactly 2 parameters, 1 given in C:\\xampp\\htdocs\\rapor_sekolah\\koneksi.php on line 8, referer: http://localhost/rapor_sekolah/
[Thu Jul 04 20:53:25.324388 2019] [php7:warn] [pid 7908:tid 1900] [client ::1:53170] PHP Warning:  mysqli_select_db() expects exactly 2 parameters, 1 given in C:\\xampp\\htdocs\\rapor_sekolah\\koneksi.php on line 8, referer: http://localhost/rapor_sekolah/
[Thu Jul 04 20:53:25.459063 2019] [php7:warn] [pid 7908:tid 1900] [client ::1:53170] PHP Warning:  mysqli_select_db() expects exactly 2 parameters, 1 given in C:\\xampp\\htdocs\\rapor_sekolah\\koneksi.php on line 8, referer: http://localhost/rapor_sekolah/
[Thu Jul 04 20:53:25.601680 2019] [php7:warn] [pid 7908:tid 1900] [client ::1:53170] PHP Warning:  mysqli_select_db() expects exactly 2 parameters, 1 given in C:\\xampp\\htdocs\\rapor_sekolah\\koneksi.php on line 8, referer: http://localhost/rapor_sekolah/
[Thu Jul 04 20:53:25.771738 2019] [php7:warn] [pid 7908:tid 1900] [client ::1:53170] PHP Warning:  mysqli_select_db() expects exactly 2 parameters, 1 given in C:\\xampp\\htdocs\\rapor_sekolah\\koneksi.php on line 8, referer: http://localhost/rapor_sekolah/
[Thu Jul 04 20:54:26.837406 2019] [php7:warn] [pid 7908:tid 1900] [client ::1:53183] PHP Warning:  mysqli_select_db() expects exactly 2 parameters, 1 given in C:\\xampp\\htdocs\\rapor_sekolah\\koneksi.php on line 8, referer: http://localhost/rapor_sekolah/
[Thu Jul 04 20:54:26.837406 2019] [php7:notice] [pid 7908:tid 1900] [client ::1:53183] PHP Notice:  Undefined variable: select_db in C:\\xampp\\htdocs\\rapor_sekolah\\koneksi.php on line 12, referer: http://localhost/rapor_sekolah/
[Thu Jul 04 20:54:27.793049 2019] [php7:warn] [pid 7908:tid 1900] [client ::1:53183] PHP Warning:  mysqli_select_db() expects exactly 2 parameters, 1 given in C:\\xampp\\htdocs\\rapor_sekolah\\koneksi.php on line 8, referer: http://localhost/rapor_sekolah/
[Thu Jul 04 20:54:27.794046 2019] [php7:notice] [pid 7908:tid 1900] [client ::1:53183] PHP Notice:  Undefined variable: select_db in C:\\xampp\\htdocs\\rapor_sekolah\\koneksi.php on line 12, referer: http://localhost/rapor_sekolah/
[Thu Jul 04 20:54:57.544003 2019] [php7:warn] [pid 7908:tid 1900] [client ::1:53190] PHP Warning:  mysqli_select_db() expects exactly 2 parameters, 1 given in C:\\xampp\\htdocs\\rapor_sekolah\\koneksi.php on line 8, referer: http://localhost/rapor_sekolah/
[Thu Jul 04 20:54:58.392502 2019] [php7:warn] [pid 7908:tid 1900] [client ::1:53190] PHP Warning:  mysqli_select_db() expects exactly 2 parameters, 1 given in C:\\xampp\\htdocs\\rapor_sekolah\\koneksi.php on line 8, referer: http://localhost/rapor_sekolah/
[Thu Jul 04 20:54:58.577043 2019] [php7:warn] [pid 7908:tid 1900] [client ::1:53190] PHP Warning:  mysqli_select_db() expects exactly 2 parameters, 1 given in C:\\xampp\\htdocs\\rapor_sekolah\\koneksi.php on line 8, referer: http://localhost/rapor_sekolah/
[Thu Jul 04 20:54:58.775523 2019] [php7:warn] [pid 7908:tid 1900] [client ::1:53190] PHP Warning:  mysqli_select_db() expects exactly 2 parameters, 1 given in C:\\xampp\\htdocs\\rapor_sekolah\\koneksi.php on line 8, referer: http://localhost/rapor_sekolah/
[Thu Jul 04 20:54:58.962645 2019] [php7:warn] [pid 7908:tid 1900] [client ::1:53190] PHP Warning:  mysqli_select_db() expects exactly 2 parameters, 1 given in C:\\xampp\\htdocs\\rapor_sekolah\\koneksi.php on line 8, referer: http://localhost/rapor_sekolah/
[Thu Jul 04 20:54:59.193035 2019] [php7:warn] [pid 7908:tid 1900] [client ::1:53190] PHP Warning:  mysqli_select_db() expects exactly 2 parameters, 1 given in C:\\xampp\\htdocs\\rapor_sekolah\\koneksi.php on line 8, referer: http://localhost/rapor_sekolah/
[Thu Jul 04 20:55:16.129741 2019] [php7:error] [pid 7908:tid 1900] [client ::1:53200] PHP Fatal error:  Uncaught Error: Call to undefined function mysqli_select() in C:\\xampp\\htdocs\\rapor_sekolah\\koneksi.php:8\nStack trace:\n#0 {main}\n  thrown in C:\\xampp\\htdocs\\rapor_sekolah\\koneksi.php on line 8, referer: http://localhost/rapor_sekolah/
[Thu Jul 04 20:55:39.595201 2019] [php7:warn] [pid 7908:tid 1900] [client ::1:53204] PHP Warning:  mysqli_select_db() expects exactly 2 parameters, 1 given in C:\\xampp\\htdocs\\rapor_sekolah\\koneksi.php on line 8, referer: http://localhost/rapor_sekolah/
[Thu Jul 04 20:55:40.176643 2019] [php7:warn] [pid 7908:tid 1900] [client ::1:53204] PHP Warning:  mysqli_select_db() expects exactly 2 parameters, 1 given in C:\\xampp\\htdocs\\rapor_sekolah\\koneksi.php on line 8, referer: http://localhost/rapor_sekolah/
[Thu Jul 04 20:55:40.378482 2019] [php7:warn] [pid 7908:tid 1900] [client ::1:53204] PHP Warning:  mysqli_select_db() expects exactly 2 parameters, 1 given in C:\\xampp\\htdocs\\rapor_sekolah\\koneksi.php on line 8, referer: http://localhost/rapor_sekolah/
[Thu Jul 04 20:55:40.556048 2019] [php7:warn] [pid 7908:tid 1900] [client ::1:53204] PHP Warning:  mysqli_select_db() expects exactly 2 parameters, 1 given in C:\\xampp\\htdocs\\rapor_sekolah\\koneksi.php on line 8, referer: http://localhost/rapor_sekolah/
[Thu Jul 04 20:55:40.731112 2019] [php7:warn] [pid 7908:tid 1900] [client ::1:53204] PHP Warning:  mysqli_select_db() expects exactly 2 parameters, 1 given in C:\\xampp\\htdocs\\rapor_sekolah\\koneksi.php on line 8, referer: http://localhost/rapor_sekolah/
[Thu Jul 04 20:55:40.917613 2019] [php7:warn] [pid 7908:tid 1900] [client ::1:53204] PHP Warning:  mysqli_select_db() expects exactly 2 parameters, 1 given in C:\\xampp\\htdocs\\rapor_sekolah\\koneksi.php on line 8, referer: http://localhost/rapor_sekolah/
[Thu Jul 04 20:55:41.099129 2019] [php7:warn] [pid 7908:tid 1900] [client ::1:53204] PHP Warning:  mysqli_select_db() expects exactly 2 parameters, 1 given in C:\\xampp\\htdocs\\rapor_sekolah\\koneksi.php on line 8, referer: http://localhost/rapor_sekolah/
[Thu Jul 04 20:55:41.274666 2019] [php7:warn] [pid 7908:tid 1900] [client ::1:53204] PHP Warning:  mysqli_select_db() expects exactly 2 parameters, 1 given in C:\\xampp\\htdocs\\rapor_sekolah\\koneksi.php on line 8, referer: http://localhost/rapor_sekolah/
[Thu Jul 04 20:55:41.474124 2019] [php7:warn] [pid 7908:tid 1900] [client ::1:53204] PHP Warning:  mysqli_select_db() expects exactly 2 parameters, 1 given in C:\\xampp\\htdocs\\rapor_sekolah\\koneksi.php on line 8, referer: http://localhost/rapor_sekolah/
[Thu Jul 04 20:55:41.703511 2019] [php7:warn] [pid 7908:tid 1900] [client ::1:53204] PHP Warning:  mysqli_select_db() expects exactly 2 parameters, 1 given in C:\\xampp\\htdocs\\rapor_sekolah\\koneksi.php on line 8, referer: http://localhost/rapor_sekolah/
[Thu Jul 04 20:55:41.843139 2019] [php7:warn] [pid 7908:tid 1900] [client ::1:53204] PHP Warning:  mysqli_select_db() expects exactly 2 parameters, 1 given in C:\\xampp\\htdocs\\rapor_sekolah\\koneksi.php on line 8, referer: http://localhost/rapor_sekolah/
[Thu Jul 04 20:55:42.035325 2019] [php7:warn] [pid 7908:tid 1900] [client ::1:53204] PHP Warning:  mysqli_select_db() expects exactly 2 parameters, 1 given in C:\\xampp\\htdocs\\rapor_sekolah\\koneksi.php on line 8, referer: http://localhost/rapor_sekolah/
[Thu Jul 04 20:55:42.313100 2019] [php7:warn] [pid 7908:tid 1900] [client ::1:53204] PHP Warning:  mysqli_select_db() expects exactly 2 parameters, 1 given in C:\\xampp\\htdocs\\rapor_sekolah\\koneksi.php on line 8, referer: http://localhost/rapor_sekolah/
[Thu Jul 04 20:55:42.488630 2019] [php7:warn] [pid 7908:tid 1900] [client ::1:53204] PHP Warning:  mysqli_select_db() expects exactly 2 parameters, 1 given in C:\\xampp\\htdocs\\rapor_sekolah\\koneksi.php on line 8, referer: http://localhost/rapor_sekolah/
[Thu Jul 04 20:55:56.843892 2019] [php7:warn] [pid 7908:tid 1900] [client ::1:53221] PHP Warning:  mysqli_select_db() expects exactly 2 parameters, 1 given in C:\\xampp\\htdocs\\rapor_sekolah\\koneksi.php on line 8, referer: http://localhost/rapor_sekolah/login.php
[Thu Jul 04 20:55:56.843892 2019] [php7:notice] [pid 7908:tid 1900] [client ::1:53221] PHP Notice:  Undefined variable: email in C:\\xampp\\htdocs\\rapor_sekolah\\proses.php on line 9, referer: http://localhost/rapor_sekolah/login.php
[Thu Jul 04 20:55:56.843892 2019] [php7:notice] [pid 7908:tid 1900] [client ::1:53221] PHP Notice:  Undefined variable: pwd in C:\\xampp\\htdocs\\rapor_sekolah\\proses.php on line 9, referer: http://localhost/rapor_sekolah/login.php
[Thu Jul 04 20:55:56.843892 2019] [php7:warn] [pid 7908:tid 1900] [client ::1:53221] PHP Warning:  mysqli_query() expects at least 2 parameters, 1 given in C:\\xampp\\htdocs\\rapor_sekolah\\proses.php on line 9, referer: http://localhost/rapor_sekolah/login.php
[Thu Jul 04 20:55:56.843892 2019] [php7:warn] [pid 7908:tid 1900] [client ::1:53221] PHP Warning:  mysqli_num_rows() expects parameter 1 to be mysqli_result, null given in C:\\xampp\\htdocs\\rapor_sekolah\\proses.php on line 10, referer: http://localhost/rapor_sekolah/login.php
[Thu Jul 04 20:55:56.843892 2019] [php7:warn] [pid 7908:tid 1900] [client ::1:53221] PHP Warning:  mysqli_fetch_array() expects parameter 1 to be mysqli_result, null given in C:\\xampp\\htdocs\\rapor_sekolah\\proses.php on line 12, referer: http://localhost/rapor_sekolah/login.php
[Thu Jul 04 20:56:43.249262 2019] [php7:error] [pid 7908:tid 1900] [client ::1:53230] PHP Fatal error:  Uncaught Error: Call to undefined function mysql_connect() in C:\\xampp\\htdocs\\rapor_sekolah\\koneksi.php:7\nStack trace:\n#0 C:\\xampp\\htdocs\\rapor_sekolah\\proses.php(4): include()\n#1 {main}\n  thrown in C:\\xampp\\htdocs\\rapor_sekolah\\koneksi.php on line 7, referer: http://localhost/rapor_sekolah/login.php
[Thu Jul 04 20:57:52.655753 2019] [php7:error] [pid 7908:tid 1900] [client ::1:53243] PHP Fatal error:  Uncaught Error: Call to undefined function mysql_connect() in C:\\xampp\\htdocs\\rapor_sekolah\\koneksi.php:7\nStack trace:\n#0 C:\\xampp\\htdocs\\rapor_sekolah\\proses.php(4): include()\n#1 {main}\n  thrown in C:\\xampp\\htdocs\\rapor_sekolah\\koneksi.php on line 7, referer: http://localhost/rapor_sekolah/login.php
[Thu Jul 04 21:00:39.378883 2019] [php7:error] [pid 7908:tid 1888] [client ::1:53384] PHP Fatal error:  Uncaught Error: Call to undefined function mysql_connect() in C:\\xampp\\htdocs\\rapor_sekolah\\koneksi.php:7\nStack trace:\n#0 C:\\xampp\\htdocs\\rapor_sekolah\\proses.php(4): include()\n#1 {main}\n  thrown in C:\\xampp\\htdocs\\rapor_sekolah\\koneksi.php on line 7, referer: http://localhost/rapor_sekolah/login.php
[Thu Jul 04 21:03:19.746040 2019] [php7:error] [pid 7908:tid 1896] [client ::1:53422] PHP Fatal error:  Uncaught Error: Call to undefined function mysql_connect() in C:\\xampp\\htdocs\\rapor_sekolah\\koneksi.php:7\nStack trace:\n#0 C:\\xampp\\htdocs\\rapor_sekolah\\proses.php(4): include()\n#1 {main}\n  thrown in C:\\xampp\\htdocs\\rapor_sekolah\\koneksi.php on line 7, referer: http://localhost/rapor_sekolah/login.php
[Thu Jul 04 21:03:21.468377 2019] [php7:error] [pid 7908:tid 1896] [client ::1:53422] PHP Fatal error:  Uncaught Error: Call to undefined function mysql_connect() in C:\\xampp\\htdocs\\rapor_sekolah\\koneksi.php:7\nStack trace:\n#0 C:\\xampp\\htdocs\\rapor_sekolah\\proses.php(4): include()\n#1 {main}\n  thrown in C:\\xampp\\htdocs\\rapor_sekolah\\koneksi.php on line 7, referer: http://localhost/rapor_sekolah/login.php
[Thu Jul 04 21:03:32.819375 2019] [php7:error] [pid 7908:tid 1896] [client ::1:53423] PHP Fatal error:  Uncaught Error: Call to undefined function mysql_connect() in C:\\xampp\\htdocs\\rapor_sekolah\\koneksi.php:7\nStack trace:\n#0 C:\\xampp\\htdocs\\rapor_sekolah\\proses.php(4): include()\n#1 {main}\n  thrown in C:\\xampp\\htdocs\\rapor_sekolah\\koneksi.php on line 7, referer: http://localhost/rapor_sekolah/login.php
[Thu Jul 04 21:11:07.555824 2019] [php7:error] [pid 7908:tid 1896] [client ::1:53485] PHP Fatal error:  Uncaught Error: Call to undefined function mysql_connect() in C:\\xampp\\htdocs\\rapor_sekolah\\koneksi.php:7\nStack trace:\n#0 C:\\xampp\\htdocs\\rapor_sekolah\\proses.php(4): include()\n#1 {main}\n  thrown in C:\\xampp\\htdocs\\rapor_sekolah\\koneksi.php on line 7, referer: http://localhost/rapor_sekolah/login.php
[Thu Jul 04 21:11:25.095442 2019] [php7:error] [pid 7908:tid 1896] [client ::1:53489] PHP Fatal error:  Uncaught Error: Call to undefined function mysql_connect() in C:\\xampp\\htdocs\\rapor_sekolah\\koneksi.php:7\nStack trace:\n#0 C:\\xampp\\htdocs\\rapor_sekolah\\proses.php(4): include()\n#1 {main}\n  thrown in C:\\xampp\\htdocs\\rapor_sekolah\\koneksi.php on line 7, referer: http://localhost/rapor_sekolah/login.php
[Thu Jul 04 21:11:35.839027 2019] [php7:error] [pid 7908:tid 1896] [client ::1:53492] PHP Fatal error:  Uncaught Error: Call to undefined function mysql_connect() in C:\\xampp\\htdocs\\rapor_sekolah\\koneksi.php:7\nStack trace:\n#0 C:\\xampp\\htdocs\\rapor_sekolah\\proses.php(4): include()\n#1 {main}\n  thrown in C:\\xampp\\htdocs\\rapor_sekolah\\koneksi.php on line 7, referer: http://localhost/rapor_sekolah/login.php
[Thu Jul 04 21:14:18.581488 2019] [php7:warn] [pid 7908:tid 1896] [client ::1:53547] PHP Warning:  mysqli_connect(): (HY000/1045): Access denied for user 'roota'@'localhost' (using password: NO) in C:\\xampp\\htdocs\\rapor_sekolah\\koneksi.php on line 7
[Thu Jul 04 21:14:18.591460 2019] [php7:error] [pid 7908:tid 1896] [client ::1:53547] PHP Fatal error:  Uncaught Error: Call to undefined function mysql_select_db() in C:\\xampp\\htdocs\\rapor_sekolah\\koneksi.php:8\nStack trace:\n#0 {main}\n  thrown in C:\\xampp\\htdocs\\rapor_sekolah\\koneksi.php on line 8
[Thu Jul 04 21:14:30.723292 2019] [php7:warn] [pid 7908:tid 1896] [client ::1:53549] PHP Warning:  mysqli_connect(): (HY000/1045): Access denied for user 'roota'@'localhost' (using password: NO) in C:\\xampp\\htdocs\\rapor_sekolah\\koneksi.php on line 7
[Thu Jul 04 21:14:30.724290 2019] [php7:warn] [pid 7908:tid 1896] [client ::1:53549] PHP Warning:  mysqli_select_db() expects exactly 2 parameters, 1 given in C:\\xampp\\htdocs\\rapor_sekolah\\koneksi.php on line 8
[Thu Jul 04 21:14:31.325712 2019] [php7:warn] [pid 7908:tid 1896] [client ::1:53549] PHP Warning:  mysqli_connect(): (HY000/1045): Access denied for user 'roota'@'localhost' (using password: NO) in C:\\xampp\\htdocs\\rapor_sekolah\\koneksi.php on line 7
[Thu Jul 04 21:14:31.325712 2019] [php7:warn] [pid 7908:tid 1896] [client ::1:53549] PHP Warning:  mysqli_select_db() expects exactly 2 parameters, 1 given in C:\\xampp\\htdocs\\rapor_sekolah\\koneksi.php on line 8
[Thu Jul 04 21:14:31.620917 2019] [php7:warn] [pid 7908:tid 1896] [client ::1:53549] PHP Warning:  mysqli_connect(): (HY000/1045): Access denied for user 'roota'@'localhost' (using password: NO) in C:\\xampp\\htdocs\\rapor_sekolah\\koneksi.php on line 7
[Thu Jul 04 21:14:31.620917 2019] [php7:warn] [pid 7908:tid 1896] [client ::1:53549] PHP Warning:  mysqli_select_db() expects exactly 2 parameters, 1 given in C:\\xampp\\htdocs\\rapor_sekolah\\koneksi.php on line 8
[Thu Jul 04 21:14:31.820402 2019] [php7:warn] [pid 7908:tid 1896] [client ::1:53549] PHP Warning:  mysqli_connect(): (HY000/1045): Access denied for user 'roota'@'localhost' (using password: NO) in C:\\xampp\\htdocs\\rapor_sekolah\\koneksi.php on line 7
[Thu Jul 04 21:14:31.821399 2019] [php7:warn] [pid 7908:tid 1896] [client ::1:53549] PHP Warning:  mysqli_select_db() expects exactly 2 parameters, 1 given in C:\\xampp\\htdocs\\rapor_sekolah\\koneksi.php on line 8
[Thu Jul 04 21:14:32.128878 2019] [php7:warn] [pid 7908:tid 1896] [client ::1:53549] PHP Warning:  mysqli_connect(): (HY000/1045): Access denied for user 'roota'@'localhost' (using password: NO) in C:\\xampp\\htdocs\\rapor_sekolah\\koneksi.php on line 7
[Thu Jul 04 21:14:32.129875 2019] [php7:warn] [pid 7908:tid 1896] [client ::1:53549] PHP Warning:  mysqli_select_db() expects exactly 2 parameters, 1 given in C:\\xampp\\htdocs\\rapor_sekolah\\koneksi.php on line 8
[Thu Jul 04 21:14:32.218637 2019] [php7:warn] [pid 7908:tid 1896] [client ::1:53549] PHP Warning:  mysqli_connect(): (HY000/1045): Access denied for user 'roota'@'localhost' (using password: NO) in C:\\xampp\\htdocs\\rapor_sekolah\\koneksi.php on line 7
[Thu Jul 04 21:14:32.218637 2019] [php7:warn] [pid 7908:tid 1896] [client ::1:53549] PHP Warning:  mysqli_select_db() expects exactly 2 parameters, 1 given in C:\\xampp\\htdocs\\rapor_sekolah\\koneksi.php on line 8
[Thu Jul 04 21:14:32.405140 2019] [php7:warn] [pid 7908:tid 1896] [client ::1:53549] PHP Warning:  mysqli_connect(): (HY000/1045): Access denied for user 'roota'@'localhost' (using password: NO) in C:\\xampp\\htdocs\\rapor_sekolah\\koneksi.php on line 7
[Thu Jul 04 21:14:32.406158 2019] [php7:warn] [pid 7908:tid 1896] [client ::1:53549] PHP Warning:  mysqli_select_db() expects exactly 2 parameters, 1 given in C:\\xampp\\htdocs\\rapor_sekolah\\koneksi.php on line 8
[Thu Jul 04 21:14:32.620563 2019] [php7:warn] [pid 7908:tid 1896] [client ::1:53549] PHP Warning:  mysqli_connect(): (HY000/1045): Access denied for user 'roota'@'localhost' (using password: NO) in C:\\xampp\\htdocs\\rapor_sekolah\\koneksi.php on line 7
[Thu Jul 04 21:14:32.621561 2019] [php7:warn] [pid 7908:tid 1896] [client ::1:53549] PHP Warning:  mysqli_select_db() expects exactly 2 parameters, 1 given in C:\\xampp\\htdocs\\rapor_sekolah\\koneksi.php on line 8
[Thu Jul 04 21:14:32.887849 2019] [php7:warn] [pid 7908:tid 1896] [client ::1:53549] PHP Warning:  mysqli_connect(): (HY000/1045): Access denied for user 'roota'@'localhost' (using password: NO) in C:\\xampp\\htdocs\\rapor_sekolah\\koneksi.php on line 7
[Thu Jul 04 21:14:32.888847 2019] [php7:warn] [pid 7908:tid 1896] [client ::1:53549] PHP Warning:  mysqli_select_db() expects exactly 2 parameters, 1 given in C:\\xampp\\htdocs\\rapor_sekolah\\koneksi.php on line 8
[Thu Jul 04 21:14:33.072356 2019] [php7:warn] [pid 7908:tid 1896] [client ::1:53549] PHP Warning:  mysqli_connect(): (HY000/1045): Access denied for user 'roota'@'localhost' (using password: NO) in C:\\xampp\\htdocs\\rapor_sekolah\\koneksi.php on line 7
[Thu Jul 04 21:14:33.072356 2019] [php7:warn] [pid 7908:tid 1896] [client ::1:53549] PHP Warning:  mysqli_select_db() expects exactly 2 parameters, 1 given in C:\\xampp\\htdocs\\rapor_sekolah\\koneksi.php on line 8
[Thu Jul 04 21:14:33.347145 2019] [php7:warn] [pid 7908:tid 1896] [client ::1:53549] PHP Warning:  mysqli_connect(): (HY000/1045): Access denied for user 'roota'@'localhost' (using password: NO) in C:\\xampp\\htdocs\\rapor_sekolah\\koneksi.php on line 7
[Thu Jul 04 21:14:33.347145 2019] [php7:warn] [pid 7908:tid 1896] [client ::1:53549] PHP Warning:  mysqli_select_db() expects exactly 2 parameters, 1 given in C:\\xampp\\htdocs\\rapor_sekolah\\koneksi.php on line 8
[Thu Jul 04 21:14:33.643355 2019] [php7:warn] [pid 7908:tid 1896] [client ::1:53549] PHP Warning:  mysqli_connect(): (HY000/1045): Access denied for user 'roota'@'localhost' (using password: NO) in C:\\xampp\\htdocs\\rapor_sekolah\\koneksi.php on line 7
[Thu Jul 04 21:14:33.643355 2019] [php7:warn] [pid 7908:tid 1896] [client ::1:53549] PHP Warning:  mysqli_select_db() expects exactly 2 parameters, 1 given in C:\\xampp\\htdocs\\rapor_sekolah\\koneksi.php on line 8
[Thu Jul 04 21:14:33.868751 2019] [php7:warn] [pid 7908:tid 1896] [client ::1:53549] PHP Warning:  mysqli_connect(): (HY000/1045): Access denied for user 'roota'@'localhost' (using password: NO) in C:\\xampp\\htdocs\\rapor_sekolah\\koneksi.php on line 7
[Thu Jul 04 21:14:33.869748 2019] [php7:warn] [pid 7908:tid 1896] [client ::1:53549] PHP Warning:  mysqli_select_db() expects exactly 2 parameters, 1 given in C:\\xampp\\htdocs\\rapor_sekolah\\koneksi.php on line 8
[Thu Jul 04 21:14:34.060238 2019] [php7:warn] [pid 7908:tid 1896] [client ::1:53549] PHP Warning:  mysqli_connect(): (HY000/1045): Access denied for user 'roota'@'localhost' (using password: NO) in C:\\xampp\\htdocs\\rapor_sekolah\\koneksi.php on line 7
[Thu Jul 04 21:14:34.060238 2019] [php7:warn] [pid 7908:tid 1896] [client ::1:53549] PHP Warning:  mysqli_select_db() expects exactly 2 parameters, 1 given in C:\\xampp\\htdocs\\rapor_sekolah\\koneksi.php on line 8
[Thu Jul 04 21:14:55.091134 2019] [php7:warn] [pid 7908:tid 1896] [client ::1:53567] PHP Warning:  mysqli_connect(): (HY000/1045): Access denied for user 'roota'@'localhost' (using password: NO) in C:\\xampp\\htdocs\\rapor_sekolah\\koneksi.php on line 7
[Thu Jul 04 21:14:55.091134 2019] [php7:warn] [pid 7908:tid 1896] [client ::1:53567] PHP Warning:  mysqli_select_db() expects exactly 2 parameters, 1 given in C:\\xampp\\htdocs\\rapor_sekolah\\koneksi.php on line 8
[Thu Jul 04 21:14:55.497263 2019] [php7:warn] [pid 7908:tid 1896] [client ::1:53567] PHP Warning:  mysqli_connect(): (HY000/1045): Access denied for user 'roota'@'localhost' (using password: NO) in C:\\xampp\\htdocs\\rapor_sekolah\\koneksi.php on line 7
[Thu Jul 04 21:14:55.498260 2019] [php7:warn] [pid 7908:tid 1896] [client ::1:53567] PHP Warning:  mysqli_select_db() expects exactly 2 parameters, 1 given in C:\\xampp\\htdocs\\rapor_sekolah\\koneksi.php on line 8
[Thu Jul 04 21:14:55.753578 2019] [php7:warn] [pid 7908:tid 1896] [client ::1:53567] PHP Warning:  mysqli_connect(): (HY000/1045): Access denied for user 'roota'@'localhost' (using password: NO) in C:\\xampp\\htdocs\\rapor_sekolah\\koneksi.php on line 7
[Thu Jul 04 21:14:55.754577 2019] [php7:warn] [pid 7908:tid 1896] [client ::1:53567] PHP Warning:  mysqli_select_db() expects exactly 2 parameters, 1 given in C:\\xampp\\htdocs\\rapor_sekolah\\koneksi.php on line 8
[Thu Jul 04 21:14:56.073721 2019] [php7:warn] [pid 7908:tid 1896] [client ::1:53567] PHP Warning:  mysqli_connect(): (HY000/1045): Access denied for user 'roota'@'localhost' (using password: NO) in C:\\xampp\\htdocs\\rapor_sekolah\\koneksi.php on line 7
[Thu Jul 04 21:14:56.073721 2019] [php7:warn] [pid 7908:tid 1896] [client ::1:53567] PHP Warning:  mysqli_select_db() expects exactly 2 parameters, 1 given in C:\\xampp\\htdocs\\rapor_sekolah\\koneksi.php on line 8
[Thu Jul 04 21:14:56.299121 2019] [php7:warn] [pid 7908:tid 1896] [client ::1:53567] PHP Warning:  mysqli_connect(): (HY000/1045): Access denied for user 'roota'@'localhost' (using password: NO) in C:\\xampp\\htdocs\\rapor_sekolah\\koneksi.php on line 7
[Thu Jul 04 21:14:56.299121 2019] [php7:warn] [pid 7908:tid 1896] [client ::1:53567] PHP Warning:  mysqli_select_db() expects exactly 2 parameters, 1 given in C:\\xampp\\htdocs\\rapor_sekolah\\koneksi.php on line 8
[Thu Jul 04 21:14:56.480633 2019] [php7:warn] [pid 7908:tid 1896] [client ::1:53567] PHP Warning:  mysqli_connect(): (HY000/1045): Access denied for user 'roota'@'localhost' (using password: NO) in C:\\xampp\\htdocs\\rapor_sekolah\\koneksi.php on line 7
[Thu Jul 04 21:14:56.481631 2019] [php7:warn] [pid 7908:tid 1896] [client ::1:53567] PHP Warning:  mysqli_select_db() expects exactly 2 parameters, 1 given in C:\\xampp\\htdocs\\rapor_sekolah\\koneksi.php on line 8
[Thu Jul 04 21:14:56.713012 2019] [php7:warn] [pid 7908:tid 1896] [client ::1:53567] PHP Warning:  mysqli_connect(): (HY000/1045): Access denied for user 'roota'@'localhost' (using password: NO) in C:\\xampp\\htdocs\\rapor_sekolah\\koneksi.php on line 7
[Thu Jul 04 21:14:56.714026 2019] [php7:warn] [pid 7908:tid 1896] [client ::1:53567] PHP Warning:  mysqli_select_db() expects exactly 2 parameters, 1 given in C:\\xampp\\htdocs\\rapor_sekolah\\koneksi.php on line 8
[Thu Jul 04 21:14:56.892061 2019] [php7:warn] [pid 7908:tid 1896] [client ::1:53567] PHP Warning:  mysqli_connect(): (HY000/1045): Access denied for user 'roota'@'localhost' (using password: NO) in C:\\xampp\\htdocs\\rapor_sekolah\\koneksi.php on line 7
[Thu Jul 04 21:14:56.892061 2019] [php7:warn] [pid 7908:tid 1896] [client ::1:53567] PHP Warning:  mysqli_select_db() expects exactly 2 parameters, 1 given in C:\\xampp\\htdocs\\rapor_sekolah\\koneksi.php on line 8
[Thu Jul 04 21:14:57.091043 2019] [php7:warn] [pid 7908:tid 1896] [client ::1:53567] PHP Warning:  mysqli_connect(): (HY000/1045): Access denied for user 'roota'@'localhost' (using password: NO) in C:\\xampp\\htdocs\\rapor_sekolah\\koneksi.php on line 7
[Thu Jul 04 21:14:57.091043 2019] [php7:warn] [pid 7908:tid 1896] [client ::1:53567] PHP Warning:  mysqli_select_db() expects exactly 2 parameters, 1 given in C:\\xampp\\htdocs\\rapor_sekolah\\koneksi.php on line 8
[Fri Jul 05 08:40:45.983996 2019] [ssl:warn] [pid 804:tid 524] AH01909: www.example.com:443:0 server certificate does NOT include an ID which matches the server name
[Fri Jul 05 08:40:46.077726 2019] [core:warn] [pid 804:tid 524] AH00098: pid file C:/xampp/apache/logs/httpd.pid overwritten -- Unclean shutdown of previous Apache run?
[Fri Jul 05 08:40:46.218314 2019] [ssl:warn] [pid 804:tid 524] AH01909: www.example.com:443:0 server certificate does NOT include an ID which matches the server name
[Fri Jul 05 08:40:46.858789 2019] [mpm_winnt:notice] [pid 804:tid 524] AH00455: Apache/2.4.39 (Win64) OpenSSL/1.0.2s PHP/7.1.30 configured -- resuming normal operations
[Fri Jul 05 08:40:46.858789 2019] [mpm_winnt:notice] [pid 804:tid 524] AH00456: Apache Lounge VC14 Server built: May 29 2019 14:38:49
[Fri Jul 05 08:40:46.858789 2019] [core:notice] [pid 804:tid 524] AH00094: Command line: 'c:\\xampp\\apache\\bin\\httpd.exe -d C:/xampp/apache'
[Fri Jul 05 08:40:46.905656 2019] [mpm_winnt:notice] [pid 804:tid 524] AH00418: Parent: Created child process 6008
[Fri Jul 05 08:40:47.686720 2019] [ssl:warn] [pid 6008:tid 560] AH01909: www.example.com:443:0 server certificate does NOT include an ID which matches the server name
[Fri Jul 05 08:40:47.967903 2019] [ssl:warn] [pid 6008:tid 560] AH01909: www.example.com:443:0 server certificate does NOT include an ID which matches the server name
[Fri Jul 05 08:40:48.014768 2019] [mpm_winnt:notice] [pid 6008:tid 560] AH00354: Child: Starting 150 worker threads.
[Fri Jul 05 08:41:48.820030 2019] [php7:warn] [pid 6008:tid 1928] [client ::1:54816] PHP Warning:  mysqli_connect(): (HY000/1045): Access denied for user 'roota'@'localhost' (using password: NO) in C:\\xampp\\htdocs\\rapor_sekolah\\koneksi.php on line 7
[Fri Jul 05 08:41:48.821027 2019] [php7:warn] [pid 6008:tid 1928] [client ::1:54816] PHP Warning:  mysqli_select_db() expects exactly 2 parameters, 1 given in C:\\xampp\\htdocs\\rapor_sekolah\\koneksi.php on line 8
[Fri Jul 05 08:42:02.019032 2019] [php7:notice] [pid 6008:tid 1928] [client ::1:54818] PHP Notice:  Undefined index: login in C:\\xampp\\htdocs\\rapor_sekolah\\halaman\\admin.php on line 3, referer: http://localhost/rapor_sekolah/halaman/
[Fri Jul 05 08:42:07.798209 2019] [php7:notice] [pid 6008:tid 1928] [client ::1:54819] PHP Notice:  Undefined index: login in C:\\xampp\\htdocs\\rapor_sekolah\\halaman\\siswa.php on line 3, referer: http://localhost/rapor_sekolah/halaman/
[Fri Jul 05 08:42:10.488612 2019] [php7:notice] [pid 6008:tid 1928] [client ::1:54819] PHP Notice:  Undefined index: login in C:\\xampp\\htdocs\\rapor_sekolah\\halaman\\admin.php on line 3, referer: http://localhost/rapor_sekolah/halaman/
[Fri Jul 05 08:42:16.613207 2019] [php7:warn] [pid 6008:tid 1928] [client ::1:54824] PHP Warning:  mysqli_connect(): (HY000/1045): Access denied for user 'roota'@'localhost' (using password: NO) in C:\\xampp\\htdocs\\rapor_sekolah\\koneksi.php on line 7, referer: http://localhost/rapor_sekolah/
[Fri Jul 05 08:42:16.613207 2019] [php7:warn] [pid 6008:tid 1928] [client ::1:54824] PHP Warning:  mysqli_select_db() expects exactly 2 parameters, 1 given in C:\\xampp\\htdocs\\rapor_sekolah\\koneksi.php on line 8, referer: http://localhost/rapor_sekolah/
[Fri Jul 05 08:42:20.633589 2019] [php7:warn] [pid 6008:tid 1928] [client ::1:54824] PHP Warning:  mysqli_connect(): (HY000/1045): Access denied for user 'roota'@'localhost' (using password: NO) in C:\\xampp\\htdocs\\rapor_sekolah\\koneksi.php on line 7, referer: http://localhost/rapor_sekolah/
[Fri Jul 05 08:42:20.633589 2019] [php7:warn] [pid 6008:tid 1928] [client ::1:54824] PHP Warning:  mysqli_select_db() expects exactly 2 parameters, 1 given in C:\\xampp\\htdocs\\rapor_sekolah\\koneksi.php on line 8, referer: http://localhost/rapor_sekolah/
[Fri Jul 05 08:42:27.499319 2019] [php7:warn] [pid 6008:tid 1928] [client ::1:54830] PHP Warning:  mysqli_connect(): (HY000/1045): Access denied for user 'roota'@'localhost' (using password: NO) in C:\\xampp\\htdocs\\rapor_sekolah\\koneksi.php on line 7, referer: http://localhost/rapor_sekolah/login.php
[Fri Jul 05 08:42:27.499319 2019] [php7:warn] [pid 6008:tid 1928] [client ::1:54830] PHP Warning:  mysqli_select_db() expects exactly 2 parameters, 1 given in C:\\xampp\\htdocs\\rapor_sekolah\\koneksi.php on line 8, referer: http://localhost/rapor_sekolah/login.php
[Fri Jul 05 08:42:27.531230 2019] [php7:notice] [pid 6008:tid 1928] [client ::1:54830] PHP Notice:  Undefined variable: email in C:\\xampp\\htdocs\\rapor_sekolah\\proses.php on line 9, referer: http://localhost/rapor_sekolah/login.php
[Fri Jul 05 08:42:27.531230 2019] [php7:notice] [pid 6008:tid 1928] [client ::1:54830] PHP Notice:  Undefined variable: pwd in C:\\xampp\\htdocs\\rapor_sekolah\\proses.php on line 9, referer: http://localhost/rapor_sekolah/login.php
[Fri Jul 05 08:42:27.531230 2019] [php7:warn] [pid 6008:tid 1928] [client ::1:54830] PHP Warning:  mysqli_query() expects at least 2 parameters, 1 given in C:\\xampp\\htdocs\\rapor_sekolah\\proses.php on line 9, referer: http://localhost/rapor_sekolah/login.php
[Fri Jul 05 08:42:27.532229 2019] [php7:warn] [pid 6008:tid 1928] [client ::1:54830] PHP Warning:  mysqli_num_rows() expects parameter 1 to be mysqli_result, null given in C:\\xampp\\htdocs\\rapor_sekolah\\proses.php on line 10, referer: http://localhost/rapor_sekolah/login.php
[Fri Jul 05 08:42:27.532229 2019] [php7:warn] [pid 6008:tid 1928] [client ::1:54830] PHP Warning:  mysqli_fetch_array() expects parameter 1 to be mysqli_result, null given in C:\\xampp\\htdocs\\rapor_sekolah\\proses.php on line 12, referer: http://localhost/rapor_sekolah/login.php
[Fri Jul 05 14:48:57.120171 2019] [ssl:warn] [pid 6312:tid 616] AH01909: www.example.com:443:0 server certificate does NOT include an ID which matches the server name
[Fri Jul 05 14:48:57.228804 2019] [core:warn] [pid 6312:tid 616] AH00098: pid file C:/xampp/apache/logs/httpd.pid overwritten -- Unclean shutdown of previous Apache run?
[Fri Jul 05 14:48:57.488273 2019] [ssl:warn] [pid 6312:tid 616] AH01909: www.example.com:443:0 server certificate does NOT include an ID which matches the server name
[Fri Jul 05 14:48:58.183259 2019] [mpm_winnt:notice] [pid 6312:tid 616] AH00455: Apache/2.4.39 (Win64) OpenSSL/1.0.2s PHP/7.1.30 configured -- resuming normal operations
[Fri Jul 05 14:48:58.183259 2019] [mpm_winnt:notice] [pid 6312:tid 616] AH00456: Apache Lounge VC14 Server built: May 29 2019 14:38:49
[Fri Jul 05 14:48:58.183259 2019] [core:notice] [pid 6312:tid 616] AH00094: Command line: 'apache\\bin\\httpd.exe -d C:/xampp/apache -f conf\\httpd.conf'
[Fri Jul 05 14:48:58.217818 2019] [mpm_winnt:notice] [pid 6312:tid 616] AH00418: Parent: Created child process 10752
Apache server shutdown initiated...
sl:warn] [pid 10752:tid 564] AH01909: www.example.com:443:0 server certificate does NOT include an ID which matches the server name
[Fri Jul 05 14:48:59.601997 2019] [ssl:warn] [pid 10752:tid 564] AH01909: www.example.com:443:0 server certificate does NOT include an ID which matches the server name
[Fri Jul 05 14:48:59.647430 2019] [mpm_winnt:notice] [pid 10752:tid 564] AH00354: Child: Starting 150 worker threads.
[Fri Jul 05 15:01:28.197561 2019] [php7:warn] [pid 10752:tid 1944] [client ::1:55555] PHP Warning:  mysqli_connect(): (HY000/1045): Access denied for user 'roota'@'localhost' (using password: NO) in C:\\xampp\\htdocs\\rapor_sekolah\\koneksi.php on line 7, referer: http://localhost/rapor_sekolah/
[Fri Jul 05 15:01:28.197561 2019] [php7:warn] [pid 10752:tid 1944] [client ::1:55555] PHP Warning:  mysqli_select_db() expects exactly 2 parameters, 1 given in C:\\xampp\\htdocs\\rapor_sekolah\\koneksi.php on line 8, referer: http://localhost/rapor_sekolah/
[Fri Jul 05 15:01:30.993946 2019] [php7:warn] [pid 10752:tid 1944] [client ::1:55555] PHP Warning:  mysqli_connect(): (HY000/1045): Access denied for user 'roota'@'localhost' (using password: NO) in C:\\xampp\\htdocs\\rapor_sekolah\\koneksi.php on line 7, referer: http://localhost/rapor_sekolah/
[Fri Jul 05 15:01:30.994976 2019] [php7:warn] [pid 10752:tid 1944] [client ::1:55555] PHP Warning:  mysqli_select_db() expects exactly 2 parameters, 1 given in C:\\xampp\\htdocs\\rapor_sekolah\\koneksi.php on line 8, referer: http://localhost/rapor_sekolah/
[Fri Jul 05 15:09:16.500438 2019] [mpm_winnt:notice] [pid 6312:tid 616] AH00422: Parent: Received shutdown signal -- Shutting down the server.
[Fri Jul 05 15:09:18.502158 2019] [mpm_winnt:notice] [pid 10752:tid 564] AH00364: Child: All worker threads have exited.
[Fri Jul 05 15:09:18.644778 2019] [mpm_winnt:notice] [pid 6312:tid 616] AH00430: Parent: Child process 10752 exited successfully.
