
2019-07-04 17:32:50 0 [Note] InnoDB: Mutexes and rw_locks use Windows interlocked functions
2019-07-04 17:32:50 0 [Note] InnoDB: Uses event mutexes
2019-07-04 17:32:50 0 [Note] InnoDB: Compressed tables use zlib 1.2.11
2019-07-04 17:32:50 0 [Note] InnoDB: Number of pools: 1
2019-07-04 17:32:50 0 [Note] InnoDB: Using SSE2 crc32 instructions
2019-07-04 17:32:50 0 [Note] InnoDB: Initializing buffer pool, total size = 16M, instances = 1, chunk size = 16M
2019-07-04 17:32:50 0 [Note] InnoDB: Completed initialization of buffer pool
2019-07-04 17:32:51 0 [Note] InnoDB: Starting crash recovery from checkpoint LSN=1791378
2019-07-04 17:32:51 0 [Note] InnoDB: 128 out of 128 rollback segments are active.
2019-07-04 17:32:51 0 [Note] InnoDB: Removed temporary tablespace data file: "ibtmp1"
2019-07-04 17:32:51 0 [Note] InnoDB: Creating shared tablespace for temporary tables
2019-07-04 17:32:51 0 [Note] InnoDB: Setting file 'C:\xampp\mysql\data\ibtmp1' size to 12 MB. Physically writing the file full; Please wait ...
2019-07-04 17:32:51 0 [Note] InnoDB: File 'C:\xampp\mysql\data\ibtmp1' size is now 12 MB.
2019-07-04 17:32:51 0 [Note] InnoDB: Waiting for purge to start
2019-07-04 17:32:51 0 [Note] InnoDB: 10.3.16 started; log sequence number 1791387; transaction id 163
2019-07-04 17:32:51 0 [Note] InnoDB: Loading buffer pool(s) from C:\xampp\mysql\data\ib_buffer_pool
2019-07-04 17:32:51 0 [Note] Plugin 'FEEDBACK' is disabled.
2019-07-04 17:32:51 0 [Note] InnoDB: Buffer pool(s) load completed at 190704 17:32:51
2019-07-04 17:32:51 0 [Note] Server socket created on IP: '::'.
2019-07-05  8:40:43 0 [Note] InnoDB: Mutexes and rw_locks use Windows interlocked functions
2019-07-05  8:40:43 0 [Note] InnoDB: Uses event mutexes
2019-07-05  8:40:43 0 [Note] InnoDB: Compressed tables use zlib 1.2.11
2019-07-05  8:40:43 0 [Note] InnoDB: Number of pools: 1
2019-07-05  8:40:43 0 [Note] InnoDB: Using SSE2 crc32 instructions
2019-07-05  8:40:43 0 [Note] InnoDB: Initializing buffer pool, total size = 16M, instances = 1, chunk size = 16M
2019-07-05  8:40:43 0 [Note] InnoDB: Completed initialization of buffer pool
2019-07-05  8:40:44 0 [Note] InnoDB: Starting crash recovery from checkpoint LSN=1805624
2019-07-05  8:40:45 0 [Note] InnoDB: 128 out of 128 rollback segments are active.
2019-07-05  8:40:45 0 [Note] InnoDB: Removed temporary tablespace data file: "ibtmp1"
2019-07-05  8:40:45 0 [Note] InnoDB: Creating shared tablespace for temporary tables
2019-07-05  8:40:45 0 [Note] InnoDB: Setting file 'C:\xampp\mysql\data\ibtmp1' size to 12 MB. Physically writing the file full; Please wait ...
2019-07-05  8:40:45 0 [Note] InnoDB: File 'C:\xampp\mysql\data\ibtmp1' size is now 12 MB.
2019-07-05  8:40:45 0 [Note] InnoDB: Waiting for purge to start
2019-07-05  8:40:45 0 [Note] InnoDB: 10.3.16 started; log sequence number 1805633; transaction id 204
2019-07-05  8:40:45 0 [Note] InnoDB: Loading buffer pool(s) from C:\xampp\mysql\data\ib_buffer_pool
2019-07-05  8:40:45 0 [Note] InnoDB: Buffer pool(s) load completed at 190705  8:40:45
2019-07-05  8:40:45 0 [Note] Plugin 'FEEDBACK' is disabled.
2019-07-05  8:40:45 0 [Note] Server socket created on IP: '::'.
2019-07-05 14:48:56 0 [Note] InnoDB: Mutexes and rw_locks use Windows interlocked functions
2019-07-05 14:48:56 0 [Note] InnoDB: Uses event mutexes
2019-07-05 14:48:56 0 [Note] InnoDB: Compressed tables use zlib 1.2.11
2019-07-05 14:48:56 0 [Note] InnoDB: Number of pools: 1
2019-07-05 14:48:56 0 [Note] InnoDB: Using SSE2 crc32 instructions
2019-07-05 14:48:56 0 [Note] InnoDB: Initializing buffer pool, total size = 16M, instances = 1, chunk size = 16M
2019-07-05 14:48:56 0 [Note] InnoDB: Completed initialization of buffer pool
2019-07-05 14:48:56 0 [Note] InnoDB: Starting crash recovery from checkpoint LSN=1970378
2019-07-05 14:48:57 0 [Note] InnoDB: 128 out of 128 rollback segments are active.
2019-07-05 14:48:57 0 [Note] InnoDB: Removed temporary tablespace data file: "ibtmp1"
2019-07-05 14:48:57 0 [Note] InnoDB: Creating shared tablespace for temporary tables
2019-07-05 14:48:57 0 [Note] InnoDB: Setting file 'C:\xampp\mysql\data\ibtmp1' size to 12 MB. Physically writing the file full; Please wait ...
2019-07-05 14:48:57 0 [Note] InnoDB: File 'C:\xampp\mysql\data\ibtmp1' size is now 12 MB.
2019-07-05 14:48:57 0 [Note] InnoDB: Waiting for purge to start
2019-07-05 14:48:57 0 [Note] InnoDB: 10.3.16 started; log sequence number 1970387; transaction id 506
2019-07-05 14:48:57 0 [Note] InnoDB: Loading buffer pool(s) from C:\xampp\mysql\data\ib_buffer_pool
2019-07-05 14:48:57 0 [Note] Plugin 'FEEDBACK' is disabled.
2019-07-05 14:48:57 0 [Note] Server socket created on IP: '::'.
2019-07-05 14:48:57 0 [Note] InnoDB: Buffer pool(s) load completed at 190705 14:48:57
2019-07-05 14:48:57 0 [Note] Reading of all Master_info entries succeeded
2019-07-05 14:48:57 0 [Note] Added new Master_info '' to hash table
2019-07-05 14:48:57 0 [Note] mysql\bin\mysqld.exe: ready for connections.
Version: '10.3.16-MariaDB'  socket: ''  port: 3306  mariadb.org binary distribution
2019-07-05 15:01:28 24 [Warning] Access denied for user 'roota'@'localhost' (using password: NO)
2019-07-05 15:01:30 25 [Warning] Access denied for user 'roota'@'localhost' (using password: NO)
2019-07-07 20:01:23 0 [Note] InnoDB: Mutexes and rw_locks use Windows interlocked functions
2019-07-07 20:01:23 0 [Note] InnoDB: Uses event mutexes
2019-07-07 20:01:23 0 [Note] InnoDB: Compressed tables use zlib 1.2.11
2019-07-07 20:01:23 0 [Note] InnoDB: Number of pools: 1
2019-07-07 20:01:23 0 [Note] InnoDB: Using SSE2 crc32 instructions
2019-07-07 20:01:23 0 [Note] InnoDB: Initializing buffer pool, total size = 16M, instances = 1, chunk size = 16M
2019-07-07 20:01:23 0 [Note] InnoDB: Completed initialization of buffer pool
2019-07-07 20:01:23 0 [Note] InnoDB: Starting crash recovery from checkpoint LSN=1970726
2019-07-07 20:01:29 0 [Note] InnoDB: 128 out of 128 rollback segments are active.
2019-07-07 20:01:29 0 [Note] InnoDB: Removed temporary tablespace data file: "ibtmp1"
2019-07-07 20:01:29 0 [Note] InnoDB: Creating shared tablespace for temporary tables
2019-07-07 20:01:29 0 [Note] InnoDB: Setting file 'C:\xampp\mysql\data\ibtmp1' size to 12 MB. Physically writing the file full; Please wait ...
2019-07-07 20:01:29 0 [Note] InnoDB: File 'C:\xampp\mysql\data\ibtmp1' size is now 12 MB.
2019-07-07 20:01:29 0 [Note] InnoDB: Waiting for purge to start
2019-07-07 20:01:29 0 [Note] InnoDB: 10.3.16 started; log sequence number 1970735; transaction id 519
2019-07-07 20:01:29 0 [Note] InnoDB: Loading buffer pool(s) from C:\xampp\mysql\data\ib_buffer_pool
2019-07-07 20:01:30 0 [Note] InnoDB: Buffer pool(s) load completed at 190707 20:01:30
2019-07-07 20:01:31 0 [Note] Plugin 'FEEDBACK' is disabled.
2019-07-07 20:01:32 0 [Note] Server socket created on IP: '::'.
2019-07-08 16:31:19 0 [Note] InnoDB: Mutexes and rw_locks use Windows interlocked functions
2019-07-08 16:31:19 0 [Note] InnoDB: Uses event mutexes
2019-07-08 16:31:19 0 [Note] InnoDB: Compressed tables use zlib 1.2.11
2019-07-08 16:31:19 0 [Note] InnoDB: Number of pools: 1
2019-07-08 16:31:19 0 [Note] InnoDB: Using SSE2 crc32 instructions
2019-07-08 16:31:19 0 [Note] InnoDB: Initializing buffer pool, total size = 16M, instances = 1, chunk size = 16M
2019-07-08 16:31:19 0 [Note] InnoDB: Completed initialization of buffer pool
2019-07-08 16:31:20 0 [Note] InnoDB: Starting crash recovery from checkpoint LSN=1971058
2019-07-08 16:31:22 0 [Note] InnoDB: 128 out of 128 rollback segments are active.
2019-07-08 16:31:22 0 [Note] InnoDB: Removed temporary tablespace data file: "ibtmp1"
2019-07-08 16:31:22 0 [Note] InnoDB: Creating shared tablespace for temporary tables
2019-07-08 16:31:22 0 [Note] InnoDB: Setting file 'C:\xampp\mysql\data\ibtmp1' size to 12 MB. Physically writing the file full; Please wait ...
2019-07-08 16:31:22 0 [Note] InnoDB: File 'C:\xampp\mysql\data\ibtmp1' size is now 12 MB.
2019-07-08 16:31:22 0 [Note] InnoDB: 10.3.16 started; log sequence number 1971067; transaction id 532
2019-07-08 16:31:22 0 [Note] InnoDB: Loading buffer pool(s) from C:\xampp\mysql\data\ib_buffer_pool
2019-07-08 16:31:23 0 [Note] Plugin 'FEEDBACK' is disabled.
2019-07-08 16:31:23 0 [Note] Server socket created on IP: '::'.
2019-07-08 16:31:23 0 [Note] InnoDB: Buffer pool(s) load completed at 190708 16:31:23
2019-07-08 17:21:43 0 [Note] InnoDB: Mutexes and rw_locks use Windows interlocked functions
2019-07-08 17:21:43 0 [Note] InnoDB: Uses event mutexes
2019-07-08 17:21:43 0 [Note] InnoDB: Compressed tables use zlib 1.2.11
2019-07-08 17:21:43 0 [Note] InnoDB: Number of pools: 1
2019-07-08 17:21:43 0 [Note] InnoDB: Using SSE2 crc32 instructions
2019-07-08 17:21:43 0 [Note] InnoDB: Initializing buffer pool, total size = 16M, instances = 1, chunk size = 16M
2019-07-08 17:21:43 0 [Note] InnoDB: Completed initialization of buffer pool
2019-07-08 17:21:44 0 [Note] InnoDB: Starting crash recovery from checkpoint LSN=1971076
2019-07-08 17:21:45 0 [Note] InnoDB: 128 out of 128 rollback segments are active.
2019-07-08 17:21:46 0 [Note] InnoDB: Removed temporary tablespace data file: "ibtmp1"
2019-07-08 17:21:46 0 [Note] InnoDB: Creating shared tablespace for temporary tables
2019-07-08 17:21:46 0 [Note] InnoDB: Setting file 'C:\xampp\mysql\data\ibtmp1' size to 12 MB. Physically writing the file full; Please wait ...
2019-07-08 17:21:46 0 [Note] InnoDB: File 'C:\xampp\mysql\data\ibtmp1' size is now 12 MB.
2019-07-08 17:21:46 0 [Note] InnoDB: Waiting for purge to start
2019-07-08 17:21:46 0 [Note] InnoDB: 10.3.16 started; log sequence number 1971085; transaction id 532
2019-07-08 17:21:46 0 [Note] InnoDB: Loading buffer pool(s) from C:\xampp\mysql\data\ib_buffer_pool
2019-07-08 17:21:46 0 [Note] Plugin 'FEEDBACK' is disabled.
2019-07-08 17:21:46 0 [Note] Server socket created on IP: '::'.
